#
# A fatal error has been detected by the Java Runtime Environment:
#
#  EXCEPTION_ACCESS_VIOLATION (0xc0000005) at pc=0x00007fffb0bbe0a9, pid=3868, tid=10132
#
# JRE version: OpenJDK Runtime Environment Microsoft-8035246 (17.0.8+7) (build 17.0.8+7-LTS)
# Java VM: OpenJDK 64-Bit Server VM Microsoft-8035246 (17.0.8+7-LTS, mixed mode, sharing, tiered, compressed oops, compressed class ptrs, g1 gc, windows-amd64)
# Problematic frame:
# V  [jvm.dll+0x2be0a9]
#
# No core dump will be written. Minidumps are not enabled by default on client versions of Windows
#
# If you would like to submit a bug report, please visit:
#   https://github.com/microsoft/openjdk/issues
#

---------------  S U M M A R Y ------------

Command Line: -XX:MaxMetaspaceSize=512m --add-opens=java.base/java.util=ALL-UNNAMED --add-opens=java.base/java.lang=ALL-UNNAMED --add-opens=java.base/java.lang.invoke=ALL-UNNAMED --add-opens=java.prefs/java.util.prefs=ALL-UNNAMED --add-opens=java.base/java.nio.charset=ALL-UNNAMED --add-opens=java.base/java.net=ALL-UNNAMED --add-opens=java.base/java.util.concurrent.atomic=ALL-UNNAMED -Xmx2048m -Dfile.encoding=windows-1252 -Duser.country=US -Duser.language=en -Duser.variant -javaagent:C:\Users\Hissam\.gradle\wrapper\dists\gradle-8.3-all\6en3ugtfdg5xnpx44z4qbwgas\gradle-8.3\lib\agents\gradle-instrumentation-agent-8.3.jar org.gradle.launcher.daemon.bootstrap.GradleDaemon 8.3

Host: Intel(R) Core(TM) i5-6200U CPU @ 2.30GHz, 4 cores, 7G,  Windows 10 , 64 bit Build 19041 (10.0.19041.3636)
Time: Sat Feb 17 13:00:29 2024 Pakistan Standard Time elapsed time: 470.876359 seconds (0d 0h 7m 50s)

---------------  T H R E A D  ---------------

Current thread (0x000001689af0a4c0):  JavaThread "C2 CompilerThread0" daemon [_thread_in_native, id=10132, stack(0x00000027c3700000,0x00000027c3800000)]


Current CompileTask:
C2: 470876 16867   !   4       org.gradle.cache.internal.DefaultMultiProcessSafeIndexedCache::getIfPresent (25 bytes)

Stack: [0x00000027c3700000,0x00000027c3800000],  sp=0x00000027c37fb690,  free space=1005k
Native frames: (J=compiled Java code, j=interpreted, Vv=VM code, C=native code)
V  [jvm.dll+0x2be0a9]
V  [jvm.dll+0x21ba8b]
V  [jvm.dll+0x21944b]
V  [jvm.dll+0x1a56b6]
V  [jvm.dll+0x2291ea]
V  [jvm.dll+0x22724c]
V  [jvm.dll+0x7efd0c]
V  [jvm.dll+0x7ea13a]
V  [jvm.dll+0x67ad85]
C  [ucrtbase.dll+0x21bb2]
C  [KERNEL32.DLL+0x17344]
C  [ntdll.dll+0x526b1]


siginfo: EXCEPTION_ACCESS_VIOLATION (0xc0000005), reading address 0x0000000000000028


Register to memory mapping:

RIP=0x00007fffb0bbe0a9 jvm.dll
RAX=0x00000168c0c14350 points into unknown readable memory: 0x0000000000000000 | 00 00 00 00 00 00 00 00
RBX=0x00000000000017c2 is an unknown value
RCX=0x0 is NULL
RDX=0x0 is NULL
RSP=0x00000027c37fb690 is pointing into the stack for thread: 0x000001689af0a4c0
RBP=0x00000027c37fb700 is pointing into the stack for thread: 0x000001689af0a4c0
RSI=0x0 is NULL
RDI=0x0000000000000042 is an unknown value
R8 =0x000000000000ffe0 is an unknown value
R9 =0x0 is NULL
R10=0x00007ff818e10000 VCRUNTIME140.dll
R11=0x00000168c0c14370 points into unknown readable memory: 0x0000000000000000 | 00 00 00 00 00 00 00 00
R12=0x0000000000000050 is an unknown value
R13=0x0 is NULL
R14=0x0 is NULL
R15=0x00000027c37fe8b0 is pointing into the stack for thread: 0x000001689af0a4c0


Registers:
RAX=0x00000168c0c14350, RBX=0x00000000000017c2, RCX=0x0000000000000000, RDX=0x0000000000000000
RSP=0x00000027c37fb690, RBP=0x00000027c37fb700, RSI=0x0000000000000000, RDI=0x0000000000000042
R8 =0x000000000000ffe0, R9 =0x0000000000000000, R10=0x00007ff818e10000, R11=0x00000168c0c14370
R12=0x0000000000000050, R13=0x0000000000000000, R14=0x0000000000000000, R15=0x00000027c37fe8b0
RIP=0x00007fffb0bbe0a9, EFLAGS=0x0000000000010202

Top of Stack: (sp=0x00000027c37fb690)
0x00000027c37fb690:   00000000000017c2 0000000000000000
0x00000027c37fb6a0:   00000027c37fe8b0 00007fffb0b238d1
0x00000027c37fb6b0:   000001689af013e0 00007fff00002000
0x00000027c37fb6c0:   00000168c0c14350 0000000000000000
0x00000027c37fb6d0:   0000000000000002 00000168bb9dd8e0
0x00000027c37fb6e0:   0000000100000002 000001689af013e0
0x00000027c37fb6f0:   0000000000000000 0000000000000000
0x00000027c37fb700:   000001689aed6f80 00000168fd28a050
0x00000027c37fb710:   0000000000000042 00007fffb1244c08
0x00000027c37fb720:   00000027c37fb830 00007fffb0b1ba8b
0x00000027c37fb730:   00000027c37fe8b0 00007fffb1244c08
0x00000027c37fb740:   00000027c37fe8b0 00000027c37fb830
0x00000027c37fb750:   0000016800000000 00007fffb0f1b7fb
0x00000027c37fb760:   000000270000000f 00000027c37fe8b0
0x00000027c37fb770:   00000027c37fb8e0 0000000000000000
0x00000027c37fb780:   0000016800000100 00007fffb1244c08 

Instructions: (pc=0x00007fffb0bbe0a9)
0x00007fffb0bbdfa9:   3b d0 75 0b ff c1 41 3b c9 7c dc 48 8b c2 c3 33
0x00007fffb0bbdfb9:   c0 c3 cc cc cc cc cc 48 89 5c 24 18 55 56 57 41
0x00007fffb0bbdfc9:   55 41 57 48 8b ec 48 83 ec 70 65 48 8b 04 25 58
0x00007fffb0bbdfd9:   00 00 00 48 8b f2 44 8b 05 d2 8b 90 00 4c 8b f9
0x00007fffb0bbdfe9:   4a 8b 1c c0 b8 50 00 00 00 80 3c 18 00 75 05 e8
0x00007fffb0bbdff9:   8b 6f 5d 00 b8 20 00 00 00 48 8b 04 18 48 8b 98
0x00007fffb0bbe009:   38 02 00 00 48 89 5d b0 c7 45 b8 04 00 00 00 48
0x00007fffb0bbe019:   8b 43 18 48 83 f8 df 76 18 4c 8d 05 37 a9 65 00
0x00007fffb0bbe029:   ba 20 00 00 00 48 8b cb e8 5a eb de ff 48 8b 43
0x00007fffb0bbe039:   18 48 8d 48 20 48 3b 4b 20 76 11 45 33 c0 48 8b
0x00007fffb0bbe049:   cb 41 8d 50 20 e8 fd e8 de ff eb 04 48 89 4b 18
0x00007fffb0bbe059:   44 8b 45 b8 33 d2 49 c1 e0 03 48 8b c8 48 89 45
0x00007fffb0bbe069:   c0 e8 e3 80 5d 00 45 33 ed 48 8d 4d d0 44 89 6d
0x00007fffb0bbe079:   c8 e8 01 59 56 00 41 8b 9f 40 02 00 00 41 2b 9f
0x00007fffb0bbe089:   68 02 00 00 44 89 6d f0 3b 5d b8 72 0b 8b d3 48
0x00007fffb0bbe099:   8d 4d b0 e8 6f b3 39 00 48 8b 45 c0 4c 89 2c d8
0x00007fffb0bbe0a9:   8b 7e 28 8b df c1 eb 05 3b 5d d0 72 0b 8b d3 48
0x00007fffb0bbe0b9:   8d 4d d0 e8 1f 59 56 00 48 8b 45 d8 83 e7 1f 48
0x00007fffb0bbe0c9:   8d 14 98 40 0f b6 cf 41 b8 01 00 00 00 41 d3 e0
0x00007fffb0bbe0d9:   8b 0a 8b c1 41 0b c0 89 02 41 85 c8 75 21 8b 5d
0x00007fffb0bbe0e9:   c8 8d 43 01 89 45 c8 3b 5d b8 72 0b 8b d3 48 8d
0x00007fffb0bbe0f9:   4d b0 e8 10 b3 39 00 48 8b 45 c0 48 89 34 d8 44
0x00007fffb0bbe109:   39 6d c8 0f 86 77 01 00 00 4c 89 a4 24 a0 00 00
0x00007fffb0bbe119:   00 4c 89 b4 24 a8 00 00 00 48 8b 45 c0 41 8b cd
0x00007fffb0bbe129:   48 8b 34 c8 8b 46 2c 25 ff 1f 00 00 3d 04 10 00
0x00007fffb0bbe139:   00 0f 85 a7 00 00 00 bb 01 00 00 00 39 5e 18 76
0x00007fffb0bbe149:   39 66 0f 1f 44 00 00 48 8b 46 08 8b cb 48 8b 14
0x00007fffb0bbe159:   c8 48 85 d2 74 1d 48 83 7a 10 00 74 16 80 7a 2c
0x00007fffb0bbe169:   84 74 10 e8 7f 7e ee ff 48 8b d0 49 8b cf e8 a4
0x00007fffb0bbe179:   61 f6 ff ff c3 3b 5e 18 72 cd 48 8b 5e 10 8b 46
0x00007fffb0bbe189:   20 4c 8d 34 c3 49 3b de 73 54 48 8b 3b 8b 47 2c
0x00007fffb0bbe199:   83 e0 03 3c 03 75 2e 48 8b 07 48 8b cf ff 90 88 


Stack slot to memory mapping:
stack at sp + 0 slots: 0x00000000000017c2 is an unknown value
stack at sp + 1 slots: 0x0 is NULL
stack at sp + 2 slots: 0x00000027c37fe8b0 is pointing into the stack for thread: 0x000001689af0a4c0
stack at sp + 3 slots: 0x00007fffb0b238d1 jvm.dll
stack at sp + 4 slots: 0x000001689af013e0 points into unknown readable memory: 0x0000000000000006 | 06 00 00 00 00 00 00 00
stack at sp + 5 slots: 0x00007fff00002000 is an unknown value
stack at sp + 6 slots: 0x00000168c0c14350 points into unknown readable memory: 0x0000000000000000 | 00 00 00 00 00 00 00 00
stack at sp + 7 slots: 0x0 is NULL


---------------  P R O C E S S  ---------------

Threads class SMR info:
_java_thread_list=0x00000168c0a6b7a0, length=55, elements={
0x00000168fd2725b0, 0x000001689aee8fd0, 0x000001689aeeaab0, 0x000001689af02640,
0x000001689af03110, 0x000001689af05af0, 0x000001689af063c0, 0x000001689af0a4c0,
0x000001689af34eb0, 0x000001689af377d0, 0x000001689aed33a0, 0x00000168ba27f770,
0x00000168bb8b6c70, 0x00000168bb66cd10, 0x00000168bc2294d0, 0x00000168bb804cf0,
0x00000168bb8042d0, 0x00000168bb805200, 0x00000168bb8047e0, 0x00000168bb805710,
0x00000168bd46b770, 0x00000168bd470870, 0x00000168bd46b260, 0x00000168bd470d80,
0x00000168bd46c190, 0x00000168bd472be0, 0x00000168bd4721c0, 0x00000168bd46dae0,
0x00000168c0879450, 0x00000168bf96ca90, 0x00000168bf969d00, 0x00000168bf96b140,
0x00000168bf96a720, 0x00000168bf967480, 0x00000168bf96c580, 0x00000168bf966f70,
0x00000168bf966040, 0x00000168bf968dd0, 0x00000168bf967990, 0x00000168bf96cfa0,
0x00000168bf967ea0, 0x00000168bf9697f0, 0x00000168bf96ac30, 0x00000168bf96d4b0,
0x00000168bf96d9c0, 0x00000168bf966550, 0x00000168bf96bb60, 0x00000168bf9683b0,
0x00000168bf9688c0, 0x00000168bf9692e0, 0x00000168bf96c070, 0x00000168bdb4ec70,
0x00000168c0879e70, 0x00000168c087b2b0, 0x00000168c087bcd0
}

Java Threads: ( => current thread )
  0x00000168fd2725b0 JavaThread "main" [_thread_blocked, id=12772, stack(0x00000027c2a00000,0x00000027c2b00000)]
  0x000001689aee8fd0 JavaThread "Reference Handler" daemon [_thread_blocked, id=8680, stack(0x00000027c3100000,0x00000027c3200000)]
  0x000001689aeeaab0 JavaThread "Finalizer" daemon [_thread_blocked, id=1756, stack(0x00000027c3200000,0x00000027c3300000)]
  0x000001689af02640 JavaThread "Signal Dispatcher" daemon [_thread_blocked, id=11260, stack(0x00000027c3300000,0x00000027c3400000)]
  0x000001689af03110 JavaThread "Attach Listener" daemon [_thread_blocked, id=4524, stack(0x00000027c3400000,0x00000027c3500000)]
  0x000001689af05af0 JavaThread "Service Thread" daemon [_thread_blocked, id=12204, stack(0x00000027c3500000,0x00000027c3600000)]
  0x000001689af063c0 JavaThread "Monitor Deflation Thread" daemon [_thread_blocked, id=4148, stack(0x00000027c3600000,0x00000027c3700000)]
=>0x000001689af0a4c0 JavaThread "C2 CompilerThread0" daemon [_thread_in_native, id=10132, stack(0x00000027c3700000,0x00000027c3800000)]
  0x000001689af34eb0 JavaThread "C1 CompilerThread0" daemon [_thread_blocked, id=972, stack(0x00000027c3800000,0x00000027c3900000)]
  0x000001689af377d0 JavaThread "Sweeper thread" daemon [_thread_blocked, id=7728, stack(0x00000027c3900000,0x00000027c3a00000)]
  0x000001689aed33a0 JavaThread "Common-Cleaner" daemon [_thread_blocked, id=5964, stack(0x00000027c3a00000,0x00000027c3b00000)]
  0x00000168ba27f770 JavaThread "Notification Thread" daemon [_thread_blocked, id=8336, stack(0x00000027c3b00000,0x00000027c3c00000)]
  0x00000168bb8b6c70 JavaThread "Daemon health stats" [_thread_blocked, id=9128, stack(0x00000027c4100000,0x00000027c4200000)]
  0x00000168bb66cd10 JavaThread "Incoming local TCP Connector on port 56238" [_thread_in_native, id=11968, stack(0x00000027c3d00000,0x00000027c3e00000)]
  0x00000168bc2294d0 JavaThread "Daemon periodic checks" [_thread_blocked, id=720, stack(0x00000027c4200000,0x00000027c4300000)]
  0x00000168bb804cf0 JavaThread "Cache worker for journal cache (C:\Users\Hissam\.gradle\caches\journal-1)" [_thread_blocked, id=10732, stack(0x00000027c4300000,0x00000027c4400000)]
  0x00000168bb8042d0 JavaThread "File lock request listener" [_thread_in_native, id=4756, stack(0x00000027c4b00000,0x00000027c4c00000)]
  0x00000168bb805200 JavaThread "Cache worker for file hash cache (C:\Users\Hissam\.gradle\caches\8.3\fileHashes)" [_thread_blocked, id=11628, stack(0x00000027c4c00000,0x00000027c4d00000)]
  0x00000168bb8047e0 JavaThread "File watcher server" daemon [_thread_in_native, id=4912, stack(0x00000027c4e00000,0x00000027c4f00000)]
  0x00000168bb805710 JavaThread "File watcher consumer" daemon [_thread_blocked, id=11416, stack(0x00000027c4f00000,0x00000027c5000000)]
  0x00000168bd46b770 JavaThread "Cache worker for file content cache (C:\Users\Hissam\.gradle\caches\8.3\fileContent)" [_thread_blocked, id=3272, stack(0x00000027c5300000,0x00000027c5400000)]
  0x00000168bd470870 JavaThread "Cache worker for execution history cache (C:\Users\Hissam\.gradle\caches\8.3\executionHistory)" [_thread_blocked, id=7444, stack(0x00000027c5500000,0x00000027c5600000)]
  0x00000168bd46b260 JavaThread "jar transforms" [_thread_blocked, id=9724, stack(0x00000027c5700000,0x00000027c5800000)]
  0x00000168bd470d80 JavaThread "jar transforms Thread 2" [_thread_blocked, id=2416, stack(0x00000027c5800000,0x00000027c5900000)]
  0x00000168bd46c190 JavaThread "jar transforms Thread 3" [_thread_blocked, id=12240, stack(0x00000027c5900000,0x00000027c5a00000)]
  0x00000168bd472be0 JavaThread "jar transforms Thread 4" [_thread_blocked, id=3060, stack(0x00000027c5a00000,0x00000027c5b00000)]
  0x00000168bd4721c0 JavaThread "Cache worker for kotlin-dsl (C:\Users\Hissam\.gradle\caches\8.3\kotlin-dsl)" [_thread_blocked, id=10456, stack(0x00000027c5b00000,0x00000027c5c00000)]
  0x00000168bd46dae0 JavaThread "Memory manager" [_thread_blocked, id=6188, stack(0x00000027c6400000,0x00000027c6500000)]
  0x00000168c0879450 JavaThread "pool-3-thread-1" [_thread_blocked, id=11548, stack(0x00000027c7a00000,0x00000027c7b00000)]
  0x00000168bf96ca90 JavaThread "Monitor" [_thread_in_native, id=10592, stack(0x00000027c9200000,0x00000027c9300000)]
  0x00000168bf969d00 JavaThread "JdwpProxyConnection" [_thread_in_native, id=12560, stack(0x00000027c9300000,0x00000027c9400000)]
  0x00000168bf96b140 JavaThread "Device List Monitor" [_thread_in_native, id=10640, stack(0x00000027c9400000,0x00000027c9500000)]
  0x00000168bf96a720 JavaThread "Daemon Thread 2" [_thread_blocked, id=5304, stack(0x00000027c2700000,0x00000027c2800000)]
  0x00000168bf967480 JavaThread "Handler for socket connection from /127.0.0.1:56238 to /127.0.0.1:56548" [_thread_in_native, id=11280, stack(0x00000027c2800000,0x00000027c2900000)]
  0x00000168bf96c580 JavaThread "Cancel handler" [_thread_blocked, id=2112, stack(0x00000027c2900000,0x00000027c2a00000)]
  0x00000168bf966f70 JavaThread "Daemon worker Thread 2" [_thread_in_Java, id=1408, stack(0x00000027c4400000,0x00000027c4500000)]
  0x00000168bf966040 JavaThread "Asynchronous log dispatcher for DefaultDaemonConnection: socket connection from /127.0.0.1:56238 to /127.0.0.1:56548" [_thread_blocked, id=2496, stack(0x00000027c4500000,0x00000027c4600000)]
  0x00000168bf968dd0 JavaThread "Stdin handler" [_thread_blocked, id=1612, stack(0x00000027c4600000,0x00000027c4700000)]
  0x00000168bf967990 JavaThread "Daemon client event forwarder" [_thread_blocked, id=8480, stack(0x00000027c4700000,0x00000027c4800000)]
  0x00000168bf96cfa0 JavaThread "Cache worker for checksums cache (C:\Users\Hissam\Desktop\kohat\hism\android\.gradle\8.3\checksums)" [_thread_blocked, id=6440, stack(0x00000027c4800000,0x00000027c4900000)]
  0x00000168bf967ea0 JavaThread "Cache worker for file hash cache (C:\Users\Hissam\Desktop\kohat\hism\android\.gradle\8.3\fileHashes)" [_thread_blocked, id=11208, stack(0x00000027c4900000,0x00000027c4a00000)]
  0x00000168bf9697f0 JavaThread "Cache worker for cache directory md-supplier (C:\Users\Hissam\.gradle\caches\8.3\md-supplier)" [_thread_blocked, id=5032, stack(0x00000027c4a00000,0x00000027c4b00000)]
  0x00000168bf96ac30 JavaThread "Cache worker for cache directory md-rule (C:\Users\Hissam\.gradle\caches\8.3\md-rule)" [_thread_blocked, id=5192, stack(0x00000027c4d00000,0x00000027c4e00000)]
  0x00000168bf96d4b0 JavaThread "Unconstrained build operations" [_thread_blocked, id=3860, stack(0x00000027c5000000,0x00000027c5100000)]
  0x00000168bf96d9c0 JavaThread "Unconstrained build operations Thread 2" [_thread_blocked, id=2436, stack(0x00000027c5100000,0x00000027c5200000)]
  0x00000168bf966550 JavaThread "Cache worker for dependencies-accessors (C:\Users\Hissam\Desktop\kohat\hism\android\.gradle\8.3\dependencies-accessors)" [_thread_blocked, id=9884, stack(0x00000027c5200000,0x00000027c5300000)]
  0x00000168bf96bb60 JavaThread "Cache worker for Build Output Cleanup Cache (C:\Users\Hissam\Desktop\kohat\hism\node_modules\@react-native\gradle-plugin\.gradle\buildOutputCleanup)" [_thread_blocked, id=4616, stack(0x00000027c5600000,0x00000027c5700000)]
  0x00000168bf9683b0 JavaThread "Unconstrained build operations Thread 3" [_thread_blocked, id=2276, stack(0x00000027c5d00000,0x00000027c5e00000)]
  0x00000168bf9688c0 JavaThread "Unconstrained build operations Thread 4" [_thread_blocked, id=2232, stack(0x00000027c5e00000,0x00000027c5f00000)]
  0x00000168bf9692e0 JavaThread "Unconstrained build operations Thread 5" [_thread_blocked, id=2808, stack(0x00000027c5f00000,0x00000027c6000000)]
  0x00000168bf96c070 JavaThread "Cache worker for Build Output Cleanup Cache (C:\Users\Hissam\Desktop\kohat\hism\android\.gradle\buildOutputCleanup)" [_thread_blocked, id=1800, stack(0x00000027c5c00000,0x00000027c5d00000)]
  0x00000168bdb4ec70 JavaThread "C2 CompilerThread1" daemon [_thread_in_native, id=12120, stack(0x00000027c6000000,0x00000027c6100000)]
  0x00000168c0879e70 JavaThread "ForkJoinPool.commonPool-worker-4" daemon [_thread_blocked, id=10664, stack(0x00000027c6100000,0x00000027c6200000)]
  0x00000168c087b2b0 JavaThread "ForkJoinPool.commonPool-worker-5" daemon [_thread_blocked, id=10324, stack(0x00000027c6200000,0x00000027c6300000)]
  0x00000168c087bcd0 JavaThread "ForkJoinPool.commonPool-worker-6" daemon [_thread_blocked, id=1952, stack(0x00000027c6300000,0x00000027c6400000)]

Other Threads:
  0x000001689aee4600 VMThread "VM Thread" [stack: 0x00000027c3000000,0x00000027c3100000] [id=8596]
  0x00000168fd2ea1e0 WatcherThread [stack: 0x00000027c3c00000,0x00000027c3d00000] [id=7664]
  0x00000168fd2ce210 GCTaskThread "GC Thread#0" [stack: 0x00000027c2b00000,0x00000027c2c00000] [id=12668]
  0x00000168ba6e50e0 GCTaskThread "GC Thread#1" [stack: 0x00000027c3e00000,0x00000027c3f00000] [id=6392]
  0x00000168ba89e400 GCTaskThread "GC Thread#2" [stack: 0x00000027c3f00000,0x00000027c4000000] [id=2948]
  0x00000168ba4b9fa0 GCTaskThread "GC Thread#3" [stack: 0x00000027c4000000,0x00000027c4100000] [id=2260]
  0x00000168fd2def10 ConcurrentGCThread "G1 Main Marker" [stack: 0x00000027c2c00000,0x00000027c2d00000] [id=10332]
  0x00000168fd2dfe70 ConcurrentGCThread "G1 Conc#0" [stack: 0x00000027c2d00000,0x00000027c2e00000] [id=7060]
  0x00000168fd3264c0 ConcurrentGCThread "G1 Refine#0" [stack: 0x00000027c2e00000,0x00000027c2f00000] [id=9572]
  0x00000168bd7c5f60 ConcurrentGCThread "G1 Refine#1" [stack: 0x00000027c5400000,0x00000027c5500000] [id=3340]
  0x00000168fd326ca0 ConcurrentGCThread "G1 Service" [stack: 0x00000027c2f00000,0x00000027c3000000] [id=7588]

Threads with active compile tasks:
C2 CompilerThread0   471102 16867   !   4       org.gradle.cache.internal.DefaultMultiProcessSafeIndexedCache::getIfPresent (25 bytes)
C2 CompilerThread1   471102 16879       4       org.gradle.api.internal.artifacts.transform.AttributeMatchingVariantSelector::doSelect (364 bytes)

VM state: not at safepoint (normal execution)

VM Mutex/Monitor currently owned by a thread: None

Heap address: 0x0000000080000000, size: 2048 MB, Compressed Oops mode: 32-bit

CDS archive(s) mapped at: [0x000001689b000000-0x000001689bbd0000-0x000001689bbd0000), size 12386304, SharedBaseAddress: 0x000001689b000000, ArchiveRelocationMode: 1.
Compressed class space mapped at: 0x000001689c000000-0x00000168b6000000, reserved size: 436207616
Narrow klass base: 0x000001689b000000, Narrow klass shift: 0, Narrow klass range: 0x100000000

GC Precious Log:
 CPUs: 4 total, 4 available
 Memory: 8071M
 Large Page Support: Disabled
 NUMA Support: Disabled
 Compressed Oops: Enabled (32-bit)
 Heap Region Size: 1M
 Heap Min Capacity: 8M
 Heap Initial Capacity: 128M
 Heap Max Capacity: 2G
 Pre-touch: Disabled
 Parallel Workers: 4
 Concurrent Workers: 1
 Concurrent Refinement Workers: 4
 Periodic GC: Disabled

Heap:
 garbage-first heap   total 285696K, used 197215K [0x0000000080000000, 0x0000000100000000)
  region size 1024K, 28 young (28672K), 8 survivors (8192K)
 Metaspace       used 113157K, committed 114112K, reserved 557056K
  class space    used 15289K, committed 15744K, reserved 425984K

Heap Regions: E=young(eden), S=young(survivor), O=old, HS=humongous(starts), HC=humongous(continues), CS=collection set, F=free, OA=open archive, CA=closed archive, TAMS=top-at-mark-start (previous, next)
|   0|0x0000000080000000, 0x0000000080100000, 0x0000000080100000|100%| O|  |TAMS 0x0000000080100000, 0x0000000080000000| Untracked 
|   1|0x0000000080100000, 0x0000000080200000, 0x0000000080200000|100%| O|  |TAMS 0x0000000080200000, 0x0000000080100000| Untracked 
|   2|0x0000000080200000, 0x0000000080300000, 0x0000000080300000|100%|HS|  |TAMS 0x0000000080300000, 0x0000000080200000| Complete 
|   3|0x0000000080300000, 0x0000000080400000, 0x0000000080400000|100%|HC|  |TAMS 0x0000000080400000, 0x0000000080300000| Complete 
|   4|0x0000000080400000, 0x0000000080500000, 0x0000000080500000|100%|HC|  |TAMS 0x0000000080500000, 0x0000000080400000| Complete 
|   5|0x0000000080500000, 0x0000000080600000, 0x0000000080600000|100%|HC|  |TAMS 0x0000000080600000, 0x0000000080500000| Complete 
|   6|0x0000000080600000, 0x0000000080700000, 0x0000000080700000|100%| O|  |TAMS 0x0000000080700000, 0x0000000080600000| Untracked 
|   7|0x0000000080700000, 0x0000000080800000, 0x0000000080800000|100%| O|  |TAMS 0x0000000080800000, 0x0000000080700000| Untracked 
|   8|0x0000000080800000, 0x0000000080900000, 0x0000000080900000|100%| O|  |TAMS 0x0000000080900000, 0x0000000080800000| Untracked 
|   9|0x0000000080900000, 0x0000000080a00000, 0x0000000080a00000|100%| O|  |TAMS 0x0000000080a00000, 0x0000000080900000| Untracked 
|  10|0x0000000080a00000, 0x0000000080b00000, 0x0000000080b00000|100%| O|  |TAMS 0x0000000080b00000, 0x0000000080a00000| Untracked 
|  11|0x0000000080b00000, 0x0000000080c00000, 0x0000000080c00000|100%| O|  |TAMS 0x0000000080c00000, 0x0000000080b00000| Untracked 
|  12|0x0000000080c00000, 0x0000000080d00000, 0x0000000080d00000|100%| O|  |TAMS 0x0000000080d00000, 0x0000000080c00000| Untracked 
|  13|0x0000000080d00000, 0x0000000080e00000, 0x0000000080e00000|100%| O|  |TAMS 0x0000000080e00000, 0x0000000080d00000| Untracked 
|  14|0x0000000080e00000, 0x0000000080f00000, 0x0000000080f00000|100%| O|  |TAMS 0x0000000080f00000, 0x0000000080e00000| Untracked 
|  15|0x0000000080f00000, 0x0000000081000000, 0x0000000081000000|100%| O|  |TAMS 0x0000000081000000, 0x0000000080f00000| Untracked 
|  16|0x0000000081000000, 0x0000000081100000, 0x0000000081100000|100%| O|  |TAMS 0x0000000081100000, 0x0000000081000000| Untracked 
|  17|0x0000000081100000, 0x0000000081200000, 0x0000000081200000|100%| O|  |TAMS 0x0000000081200000, 0x0000000081100000| Untracked 
|  18|0x0000000081200000, 0x0000000081300000, 0x0000000081300000|100%| O|  |TAMS 0x0000000081300000, 0x0000000081200000| Untracked 
|  19|0x0000000081300000, 0x00000000813f1e00, 0x0000000081400000| 94%| O|  |TAMS 0x00000000813f1e00, 0x0000000081300000| Untracked 
|  20|0x0000000081400000, 0x0000000081500000, 0x0000000081500000|100%| O|  |TAMS 0x0000000081500000, 0x0000000081400000| Untracked 
|  21|0x0000000081500000, 0x0000000081600000, 0x0000000081600000|100%| O|  |TAMS 0x0000000081600000, 0x0000000081500000| Untracked 
|  22|0x0000000081600000, 0x0000000081700000, 0x0000000081700000|100%| O|  |TAMS 0x0000000081700000, 0x0000000081600000| Untracked 
|  23|0x0000000081700000, 0x0000000081800000, 0x0000000081800000|100%| O|  |TAMS 0x0000000081800000, 0x0000000081700000| Untracked 
|  24|0x0000000081800000, 0x0000000081900000, 0x0000000081900000|100%| O|  |TAMS 0x0000000081900000, 0x0000000081800000| Untracked 
|  25|0x0000000081900000, 0x0000000081a00000, 0x0000000081a00000|100%| O|  |TAMS 0x0000000081a00000, 0x0000000081900000| Untracked 
|  26|0x0000000081a00000, 0x0000000081b00000, 0x0000000081b00000|100%| O|  |TAMS 0x0000000081b00000, 0x0000000081a00000| Untracked 
|  27|0x0000000081b00000, 0x0000000081c00000, 0x0000000081c00000|100%| O|  |TAMS 0x0000000081c00000, 0x0000000081b00000| Untracked 
|  28|0x0000000081c00000, 0x0000000081d00000, 0x0000000081d00000|100%| O|  |TAMS 0x0000000081d00000, 0x0000000081c00000| Untracked 
|  29|0x0000000081d00000, 0x0000000081e00000, 0x0000000081e00000|100%| O|  |TAMS 0x0000000081e00000, 0x0000000081d00000| Untracked 
|  30|0x0000000081e00000, 0x0000000081f00000, 0x0000000081f00000|100%| O|  |TAMS 0x0000000081f00000, 0x0000000081e00000| Untracked 
|  31|0x0000000081f00000, 0x0000000082000000, 0x0000000082000000|100%| O|  |TAMS 0x0000000082000000, 0x0000000081f00000| Untracked 
|  32|0x0000000082000000, 0x0000000082100000, 0x0000000082100000|100%| O|  |TAMS 0x0000000082100000, 0x0000000082000000| Untracked 
|  33|0x0000000082100000, 0x0000000082200000, 0x0000000082200000|100%| O|  |TAMS 0x0000000082200000, 0x0000000082100000| Untracked 
|  34|0x0000000082200000, 0x0000000082300000, 0x0000000082300000|100%| O|  |TAMS 0x0000000082300000, 0x0000000082200000| Untracked 
|  35|0x0000000082300000, 0x0000000082400000, 0x0000000082400000|100%| O|  |TAMS 0x0000000082400000, 0x0000000082300000| Untracked 
|  36|0x0000000082400000, 0x0000000082500000, 0x0000000082500000|100%| O|  |TAMS 0x0000000082500000, 0x0000000082400000| Untracked 
|  37|0x0000000082500000, 0x0000000082600000, 0x0000000082600000|100%| O|  |TAMS 0x0000000082600000, 0x0000000082500000| Untracked 
|  38|0x0000000082600000, 0x0000000082700000, 0x0000000082700000|100%| O|  |TAMS 0x0000000082700000, 0x0000000082600000| Untracked 
|  39|0x0000000082700000, 0x0000000082800000, 0x0000000082800000|100%| O|  |TAMS 0x0000000082800000, 0x0000000082700000| Untracked 
|  40|0x0000000082800000, 0x0000000082900000, 0x0000000082900000|100%|HS|  |TAMS 0x0000000082900000, 0x0000000082800000| Complete 
|  41|0x0000000082900000, 0x0000000082a00000, 0x0000000082a00000|100%|HC|  |TAMS 0x0000000082a00000, 0x0000000082900000| Complete 
|  42|0x0000000082a00000, 0x0000000082b00000, 0x0000000082b00000|100%|HS|  |TAMS 0x0000000082b00000, 0x0000000082a00000| Complete 
|  43|0x0000000082b00000, 0x0000000082c00000, 0x0000000082c00000|100%|HC|  |TAMS 0x0000000082c00000, 0x0000000082b00000| Complete 
|  44|0x0000000082c00000, 0x0000000082d00000, 0x0000000082d00000|100%|HS|  |TAMS 0x0000000082d00000, 0x0000000082c00000| Complete 
|  45|0x0000000082d00000, 0x0000000082e00000, 0x0000000082e00000|100%|HC|  |TAMS 0x0000000082e00000, 0x0000000082d00000| Complete 
|  46|0x0000000082e00000, 0x0000000082f00000, 0x0000000082f00000|100%|HC|  |TAMS 0x0000000082f00000, 0x0000000082e00000| Complete 
|  47|0x0000000082f00000, 0x0000000083000000, 0x0000000083000000|100%|HC|  |TAMS 0x0000000083000000, 0x0000000082f00000| Complete 
|  48|0x0000000083000000, 0x0000000083100000, 0x0000000083100000|100%| O|  |TAMS 0x0000000083100000, 0x0000000083000000| Untracked 
|  49|0x0000000083100000, 0x0000000083200000, 0x0000000083200000|100%| O|  |TAMS 0x0000000083200000, 0x0000000083100000| Untracked 
|  50|0x0000000083200000, 0x0000000083300000, 0x0000000083300000|100%| O|  |TAMS 0x0000000083300000, 0x0000000083200000| Untracked 
|  51|0x0000000083300000, 0x0000000083400000, 0x0000000083400000|100%| O|  |TAMS 0x0000000083400000, 0x0000000083300000| Untracked 
|  52|0x0000000083400000, 0x0000000083500000, 0x0000000083500000|100%| O|  |TAMS 0x0000000083500000, 0x0000000083400000| Untracked 
|  53|0x0000000083500000, 0x0000000083600000, 0x0000000083600000|100%| O|  |TAMS 0x0000000083600000, 0x0000000083500000| Untracked 
|  54|0x0000000083600000, 0x0000000083700000, 0x0000000083700000|100%|HS|  |TAMS 0x0000000083700000, 0x0000000083600000| Complete 
|  55|0x0000000083700000, 0x0000000083800000, 0x0000000083800000|100%|HC|  |TAMS 0x0000000083800000, 0x0000000083700000| Complete 
|  56|0x0000000083800000, 0x0000000083900000, 0x0000000083900000|100%|HC|  |TAMS 0x0000000083900000, 0x0000000083800000| Complete 
|  57|0x0000000083900000, 0x0000000083a00000, 0x0000000083a00000|100%|HC|  |TAMS 0x0000000083a00000, 0x0000000083900000| Complete 
|  58|0x0000000083a00000, 0x0000000083b00000, 0x0000000083b00000|100%| O|  |TAMS 0x0000000083b00000, 0x0000000083a00000| Untracked 
|  59|0x0000000083b00000, 0x0000000083c00000, 0x0000000083c00000|100%| O|  |TAMS 0x0000000083c00000, 0x0000000083b00000| Untracked 
|  60|0x0000000083c00000, 0x0000000083d00000, 0x0000000083d00000|100%| O|  |TAMS 0x0000000083d00000, 0x0000000083c00000| Untracked 
|  61|0x0000000083d00000, 0x0000000083e00000, 0x0000000083e00000|100%| O|  |TAMS 0x0000000083e00000, 0x0000000083d00000| Untracked 
|  62|0x0000000083e00000, 0x0000000083f00000, 0x0000000083f00000|100%| O|  |TAMS 0x0000000083f00000, 0x0000000083e00000| Untracked 
|  63|0x0000000083f00000, 0x0000000084000000, 0x0000000084000000|100%| O|  |TAMS 0x0000000084000000, 0x0000000083f00000| Untracked 
|  64|0x0000000084000000, 0x0000000084100000, 0x0000000084100000|100%| O|  |TAMS 0x0000000084100000, 0x0000000084000000| Untracked 
|  65|0x0000000084100000, 0x0000000084200000, 0x0000000084200000|100%| O|  |TAMS 0x0000000084200000, 0x0000000084100000| Untracked 
|  66|0x0000000084200000, 0x0000000084300000, 0x0000000084300000|100%| O|  |TAMS 0x0000000084300000, 0x0000000084200000| Untracked 
|  67|0x0000000084300000, 0x0000000084400000, 0x0000000084400000|100%| O|  |TAMS 0x0000000084400000, 0x0000000084300000| Untracked 
|  68|0x0000000084400000, 0x0000000084500000, 0x0000000084500000|100%| O|  |TAMS 0x0000000084500000, 0x0000000084400000| Untracked 
|  69|0x0000000084500000, 0x0000000084600000, 0x0000000084600000|100%|HS|  |TAMS 0x0000000084600000, 0x0000000084500000| Complete 
|  70|0x0000000084600000, 0x0000000084700000, 0x0000000084700000|100%|HS|  |TAMS 0x0000000084700000, 0x0000000084600000| Complete 
|  71|0x0000000084700000, 0x0000000084800000, 0x0000000084800000|100%|HS|  |TAMS 0x0000000084800000, 0x0000000084700000| Complete 
|  72|0x0000000084800000, 0x0000000084900000, 0x0000000084900000|100%| O|  |TAMS 0x0000000084900000, 0x0000000084800000| Untracked 
|  73|0x0000000084900000, 0x0000000084a00000, 0x0000000084a00000|100%| O|  |TAMS 0x0000000084a00000, 0x0000000084900000| Untracked 
|  74|0x0000000084a00000, 0x0000000084b00000, 0x0000000084b00000|100%|HS|  |TAMS 0x0000000084b00000, 0x0000000084a00000| Complete 
|  75|0x0000000084b00000, 0x0000000084c00000, 0x0000000084c00000|100%| O|  |TAMS 0x0000000084c00000, 0x0000000084b00000| Untracked 
|  76|0x0000000084c00000, 0x0000000084d00000, 0x0000000084d00000|100%| O|  |TAMS 0x0000000084c00000, 0x0000000084c00000| Untracked 
|  77|0x0000000084d00000, 0x0000000084e00000, 0x0000000084e00000|100%| O|  |TAMS 0x0000000084e00000, 0x0000000084d00000| Untracked 
|  78|0x0000000084e00000, 0x0000000084f00000, 0x0000000084f00000|100%| O|  |TAMS 0x0000000084f00000, 0x0000000084e00000| Untracked 
|  79|0x0000000084f00000, 0x0000000085000000, 0x0000000085000000|100%| O|  |TAMS 0x0000000085000000, 0x0000000084f00000| Untracked 
|  80|0x0000000085000000, 0x0000000085100000, 0x0000000085100000|100%| O|  |TAMS 0x0000000085100000, 0x0000000085000000| Untracked 
|  81|0x0000000085100000, 0x0000000085200000, 0x0000000085200000|100%| O|  |TAMS 0x0000000085200000, 0x0000000085100000| Untracked 
|  82|0x0000000085200000, 0x0000000085300000, 0x0000000085300000|100%| O|  |TAMS 0x0000000085300000, 0x0000000085200000| Untracked 
|  83|0x0000000085300000, 0x0000000085400000, 0x0000000085400000|100%| O|  |TAMS 0x0000000085400000, 0x0000000085300000| Untracked 
|  84|0x0000000085400000, 0x0000000085500000, 0x0000000085500000|100%| O|  |TAMS 0x0000000085500000, 0x0000000085400000| Untracked 
|  85|0x0000000085500000, 0x0000000085600000, 0x0000000085600000|100%| O|  |TAMS 0x0000000085600000, 0x0000000085500000| Untracked 
|  86|0x0000000085600000, 0x0000000085700000, 0x0000000085700000|100%| O|  |TAMS 0x0000000085700000, 0x0000000085600000| Untracked 
|  87|0x0000000085700000, 0x0000000085800000, 0x0000000085800000|100%| O|  |TAMS 0x0000000085800000, 0x0000000085700000| Untracked 
|  88|0x0000000085800000, 0x0000000085900000, 0x0000000085900000|100%| O|  |TAMS 0x0000000085900000, 0x0000000085800000| Untracked 
|  89|0x0000000085900000, 0x0000000085a00000, 0x0000000085a00000|100%| O|  |TAMS 0x0000000085a00000, 0x0000000085900000| Untracked 
|  90|0x0000000085a00000, 0x0000000085b00000, 0x0000000085b00000|100%| O|  |TAMS 0x0000000085b00000, 0x0000000085a00000| Untracked 
|  91|0x0000000085b00000, 0x0000000085c00000, 0x0000000085c00000|100%| O|  |TAMS 0x0000000085c00000, 0x0000000085b00000| Untracked 
|  92|0x0000000085c00000, 0x0000000085d00000, 0x0000000085d00000|100%| O|  |TAMS 0x0000000085d00000, 0x0000000085c00000| Untracked 
|  93|0x0000000085d00000, 0x0000000085e00000, 0x0000000085e00000|100%| O|  |TAMS 0x0000000085e00000, 0x0000000085d00000| Untracked 
|  94|0x0000000085e00000, 0x0000000085f00000, 0x0000000085f00000|100%|HS|  |TAMS 0x0000000085f00000, 0x0000000085e00000| Complete 
|  95|0x0000000085f00000, 0x0000000086000000, 0x0000000086000000|100%|HS|  |TAMS 0x0000000086000000, 0x0000000085f00000| Complete 
|  96|0x0000000086000000, 0x0000000086100000, 0x0000000086100000|100%|HS|  |TAMS 0x0000000086100000, 0x0000000086000000| Complete 
|  97|0x0000000086100000, 0x0000000086200000, 0x0000000086200000|100%|HC|  |TAMS 0x0000000086200000, 0x0000000086100000| Complete 
|  98|0x0000000086200000, 0x0000000086300000, 0x0000000086300000|100%| O|  |TAMS 0x0000000086300000, 0x0000000086200000| Untracked 
|  99|0x0000000086300000, 0x0000000086400000, 0x0000000086400000|100%| O|  |TAMS 0x0000000086400000, 0x0000000086300000| Untracked 
| 100|0x0000000086400000, 0x0000000086500000, 0x0000000086500000|100%| O|  |TAMS 0x0000000086500000, 0x0000000086400000| Untracked 
| 101|0x0000000086500000, 0x0000000086600000, 0x0000000086600000|100%| O|  |TAMS 0x0000000086600000, 0x0000000086500000| Untracked 
| 102|0x0000000086600000, 0x0000000086700000, 0x0000000086700000|100%| O|  |TAMS 0x0000000086700000, 0x0000000086600000| Untracked 
| 103|0x0000000086700000, 0x0000000086800000, 0x0000000086800000|100%| O|  |TAMS 0x0000000086800000, 0x0000000086700000| Untracked 
| 104|0x0000000086800000, 0x0000000086900000, 0x0000000086900000|100%| O|  |TAMS 0x0000000086900000, 0x0000000086800000| Untracked 
| 105|0x0000000086900000, 0x0000000086a00000, 0x0000000086a00000|100%| O|  |TAMS 0x0000000086a00000, 0x0000000086900000| Untracked 
| 106|0x0000000086a00000, 0x0000000086b00000, 0x0000000086b00000|100%| O|  |TAMS 0x0000000086b00000, 0x0000000086a00000| Untracked 
| 107|0x0000000086b00000, 0x0000000086c00000, 0x0000000086c00000|100%| O|  |TAMS 0x0000000086c00000, 0x0000000086b00000| Untracked 
| 108|0x0000000086c00000, 0x0000000086d00000, 0x0000000086d00000|100%| O|  |TAMS 0x0000000086d00000, 0x0000000086c00000| Untracked 
| 109|0x0000000086d00000, 0x0000000086e00000, 0x0000000086e00000|100%| O|  |TAMS 0x0000000086e00000, 0x0000000086d00000| Untracked 
| 110|0x0000000086e00000, 0x0000000086f00000, 0x0000000086f00000|100%| O|  |TAMS 0x0000000086f00000, 0x0000000086e00000| Untracked 
| 111|0x0000000086f00000, 0x0000000087000000, 0x0000000087000000|100%|HS|  |TAMS 0x0000000087000000, 0x0000000086f00000| Complete 
| 112|0x0000000087000000, 0x0000000087100000, 0x0000000087100000|100%| O|  |TAMS 0x0000000087100000, 0x0000000087000000| Untracked 
| 113|0x0000000087100000, 0x0000000087200000, 0x0000000087200000|100%| O|  |TAMS 0x0000000087200000, 0x0000000087100000| Untracked 
| 114|0x0000000087200000, 0x0000000087300000, 0x0000000087300000|100%| O|  |TAMS 0x0000000087300000, 0x0000000087200000| Untracked 
| 115|0x0000000087300000, 0x0000000087400000, 0x0000000087400000|100%| O|  |TAMS 0x0000000087400000, 0x0000000087300000| Untracked 
| 116|0x0000000087400000, 0x0000000087500000, 0x0000000087500000|100%| O|  |TAMS 0x0000000087500000, 0x0000000087400000| Untracked 
| 117|0x0000000087500000, 0x0000000087600000, 0x0000000087600000|100%| O|  |TAMS 0x0000000087600000, 0x0000000087500000| Untracked 
| 118|0x0000000087600000, 0x0000000087700000, 0x0000000087700000|100%| O|  |TAMS 0x0000000087700000, 0x0000000087600000| Untracked 
| 119|0x0000000087700000, 0x0000000087800000, 0x0000000087800000|100%| O|  |TAMS 0x0000000087800000, 0x0000000087700000| Untracked 
| 120|0x0000000087800000, 0x0000000087900000, 0x0000000087900000|100%| O|  |TAMS 0x0000000087900000, 0x0000000087800000| Untracked 
| 121|0x0000000087900000, 0x0000000087a00000, 0x0000000087a00000|100%| O|  |TAMS 0x0000000087a00000, 0x0000000087900000| Untracked 
| 122|0x0000000087a00000, 0x0000000087b00000, 0x0000000087b00000|100%| O|  |TAMS 0x0000000087b00000, 0x0000000087a00000| Untracked 
| 123|0x0000000087b00000, 0x0000000087c00000, 0x0000000087c00000|100%| O|  |TAMS 0x0000000087c00000, 0x0000000087b00000| Untracked 
| 124|0x0000000087c00000, 0x0000000087d00000, 0x0000000087d00000|100%| O|  |TAMS 0x0000000087d00000, 0x0000000087c00000| Untracked 
| 125|0x0000000087d00000, 0x0000000087e00000, 0x0000000087e00000|100%| O|  |TAMS 0x0000000087e00000, 0x0000000087d00000| Untracked 
| 126|0x0000000087e00000, 0x0000000087f00000, 0x0000000087f00000|100%| O|  |TAMS 0x0000000087f00000, 0x0000000087e00000| Untracked 
| 127|0x0000000087f00000, 0x0000000088000000, 0x0000000088000000|100%| O|  |TAMS 0x0000000088000000, 0x0000000087f00000| Untracked 
| 128|0x0000000088000000, 0x0000000088100000, 0x0000000088100000|100%| O|  |TAMS 0x0000000088100000, 0x0000000088000000| Untracked 
| 129|0x0000000088100000, 0x0000000088200000, 0x0000000088200000|100%| O|  |TAMS 0x0000000088200000, 0x0000000088100000| Untracked 
| 130|0x0000000088200000, 0x0000000088300000, 0x0000000088300000|100%| O|  |TAMS 0x0000000088300000, 0x0000000088200000| Untracked 
| 131|0x0000000088300000, 0x0000000088400000, 0x0000000088400000|100%| O|  |TAMS 0x0000000088400000, 0x0000000088300000| Untracked 
| 132|0x0000000088400000, 0x0000000088500000, 0x0000000088500000|100%| O|  |TAMS 0x0000000088500000, 0x0000000088400000| Untracked 
| 133|0x0000000088500000, 0x0000000088600000, 0x0000000088600000|100%| O|  |TAMS 0x0000000088600000, 0x0000000088500000| Untracked 
| 134|0x0000000088600000, 0x0000000088700000, 0x0000000088700000|100%| O|  |TAMS 0x0000000088700000, 0x0000000088600000| Untracked 
| 135|0x0000000088700000, 0x0000000088800000, 0x0000000088800000|100%| O|  |TAMS 0x0000000088800000, 0x0000000088700000| Untracked 
| 136|0x0000000088800000, 0x0000000088900000, 0x0000000088900000|100%| O|  |TAMS 0x0000000088900000, 0x0000000088800000| Untracked 
| 137|0x0000000088900000, 0x0000000088a00000, 0x0000000088a00000|100%| O|  |TAMS 0x0000000088a00000, 0x0000000088900000| Untracked 
| 138|0x0000000088a00000, 0x0000000088b00000, 0x0000000088b00000|100%| O|  |TAMS 0x0000000088a00000, 0x0000000088a00000| Untracked 
| 139|0x0000000088b00000, 0x0000000088c00000, 0x0000000088c00000|100%| O|  |TAMS 0x0000000088c00000, 0x0000000088b00000| Untracked 
| 140|0x0000000088c00000, 0x0000000088d00000, 0x0000000088d00000|100%| O|  |TAMS 0x0000000088d00000, 0x0000000088c00000| Untracked 
| 141|0x0000000088d00000, 0x0000000088e00000, 0x0000000088e00000|100%| O|  |TAMS 0x0000000088e00000, 0x0000000088d00000| Untracked 
| 142|0x0000000088e00000, 0x0000000088f00000, 0x0000000088f00000|100%| O|  |TAMS 0x0000000088f00000, 0x0000000088e00000| Untracked 
| 143|0x0000000088f00000, 0x0000000089000000, 0x0000000089000000|100%| O|  |TAMS 0x0000000089000000, 0x0000000088f00000| Untracked 
| 144|0x0000000089000000, 0x0000000089100000, 0x0000000089100000|100%| O|  |TAMS 0x0000000089100000, 0x0000000089000000| Untracked 
| 145|0x0000000089100000, 0x0000000089200000, 0x0000000089200000|100%| O|  |TAMS 0x0000000089200000, 0x0000000089100000| Untracked 
| 146|0x0000000089200000, 0x0000000089300000, 0x0000000089300000|100%| O|  |TAMS 0x0000000089300000, 0x0000000089200000| Untracked 
| 147|0x0000000089300000, 0x0000000089400000, 0x0000000089400000|100%| O|  |TAMS 0x0000000089400000, 0x0000000089300000| Untracked 
| 148|0x0000000089400000, 0x0000000089500000, 0x0000000089500000|100%| O|  |TAMS 0x0000000089500000, 0x0000000089400000| Untracked 
| 149|0x0000000089500000, 0x0000000089600000, 0x0000000089600000|100%| O|  |TAMS 0x0000000089600000, 0x0000000089500000| Untracked 
| 150|0x0000000089600000, 0x0000000089700000, 0x0000000089700000|100%| O|  |TAMS 0x0000000089700000, 0x0000000089600000| Untracked 
| 151|0x0000000089700000, 0x0000000089800000, 0x0000000089800000|100%| O|  |TAMS 0x0000000089800000, 0x0000000089700000| Untracked 
| 152|0x0000000089800000, 0x0000000089900000, 0x0000000089900000|100%| O|  |TAMS 0x0000000089800000, 0x0000000089800000| Untracked 
| 153|0x0000000089900000, 0x0000000089a00000, 0x0000000089a00000|100%| O|  |TAMS 0x0000000089900000, 0x0000000089900000| Untracked 
| 154|0x0000000089a00000, 0x0000000089b00000, 0x0000000089b00000|100%| O|  |TAMS 0x0000000089a00000, 0x0000000089a00000| Untracked 
| 155|0x0000000089b00000, 0x0000000089c00000, 0x0000000089c00000|100%| O|  |TAMS 0x0000000089b00000, 0x0000000089b00000| Untracked 
| 156|0x0000000089c00000, 0x0000000089d00000, 0x0000000089d00000|100%| O|  |TAMS 0x0000000089d00000, 0x0000000089c00000| Untracked 
| 157|0x0000000089d00000, 0x0000000089e00000, 0x0000000089e00000|100%| O|  |TAMS 0x0000000089e00000, 0x0000000089d00000| Untracked 
| 158|0x0000000089e00000, 0x0000000089f00000, 0x0000000089f00000|100%| O|  |TAMS 0x0000000089f00000, 0x0000000089e00000| Untracked 
| 159|0x0000000089f00000, 0x000000008a000000, 0x000000008a000000|100%| O|  |TAMS 0x000000008a000000, 0x0000000089f00000| Untracked 
| 160|0x000000008a000000, 0x000000008a100000, 0x000000008a100000|100%| O|  |TAMS 0x000000008a100000, 0x000000008a000000| Untracked 
| 161|0x000000008a100000, 0x000000008a200000, 0x000000008a200000|100%| O|  |TAMS 0x000000008a184400, 0x000000008a100000| Untracked 
| 162|0x000000008a200000, 0x000000008a300000, 0x000000008a300000|100%| O|  |TAMS 0x000000008a200000, 0x000000008a200000| Untracked 
| 163|0x000000008a300000, 0x000000008a400000, 0x000000008a400000|100%| O|  |TAMS 0x000000008a300000, 0x000000008a300000| Untracked 
| 164|0x000000008a400000, 0x000000008a500000, 0x000000008a500000|100%| O|  |TAMS 0x000000008a400000, 0x000000008a400000| Untracked 
| 165|0x000000008a500000, 0x000000008a600000, 0x000000008a600000|100%| O|  |TAMS 0x000000008a500000, 0x000000008a500000| Untracked 
| 166|0x000000008a600000, 0x000000008a644e00, 0x000000008a700000| 26%| O|  |TAMS 0x000000008a600000, 0x000000008a600000| Untracked 
| 167|0x000000008a700000, 0x000000008a700000, 0x000000008a800000|  0%| F|  |TAMS 0x000000008a700000, 0x000000008a700000| Untracked 
| 168|0x000000008a800000, 0x000000008a800000, 0x000000008a900000|  0%| F|  |TAMS 0x000000008a800000, 0x000000008a800000| Untracked 
| 169|0x000000008a900000, 0x000000008a900000, 0x000000008aa00000|  0%| F|  |TAMS 0x000000008a900000, 0x000000008a900000| Untracked 
| 170|0x000000008aa00000, 0x000000008aa00000, 0x000000008ab00000|  0%| F|  |TAMS 0x000000008aa00000, 0x000000008aa00000| Untracked 
| 171|0x000000008ab00000, 0x000000008ab00000, 0x000000008ac00000|  0%| F|  |TAMS 0x000000008ab00000, 0x000000008ab00000| Untracked 
| 172|0x000000008ac00000, 0x000000008ac00000, 0x000000008ad00000|  0%| F|  |TAMS 0x000000008ac00000, 0x000000008ac00000| Untracked 
| 173|0x000000008ad00000, 0x000000008ad00000, 0x000000008ae00000|  0%| F|  |TAMS 0x000000008ad00000, 0x000000008ad00000| Untracked 
| 174|0x000000008ae00000, 0x000000008ae00000, 0x000000008af00000|  0%| F|  |TAMS 0x000000008ae00000, 0x000000008ae00000| Untracked 
| 175|0x000000008af00000, 0x000000008af00000, 0x000000008b000000|  0%| F|  |TAMS 0x000000008af00000, 0x000000008af00000| Untracked 
| 176|0x000000008b000000, 0x000000008b000000, 0x000000008b100000|  0%| F|  |TAMS 0x000000008b000000, 0x000000008b000000| Untracked 
| 177|0x000000008b100000, 0x000000008b100000, 0x000000008b200000|  0%| F|  |TAMS 0x000000008b100000, 0x000000008b100000| Untracked 
| 178|0x000000008b200000, 0x000000008b200000, 0x000000008b300000|  0%| F|  |TAMS 0x000000008b200000, 0x000000008b200000| Untracked 
| 179|0x000000008b300000, 0x000000008b300000, 0x000000008b400000|  0%| F|  |TAMS 0x000000008b300000, 0x000000008b300000| Untracked 
| 180|0x000000008b400000, 0x000000008b400000, 0x000000008b500000|  0%| F|  |TAMS 0x000000008b400000, 0x000000008b400000| Untracked 
| 181|0x000000008b500000, 0x000000008b500000, 0x000000008b600000|  0%| F|  |TAMS 0x000000008b500000, 0x000000008b500000| Untracked 
| 182|0x000000008b600000, 0x000000008b600000, 0x000000008b700000|  0%| F|  |TAMS 0x000000008b600000, 0x000000008b600000| Untracked 
| 183|0x000000008b700000, 0x000000008b700000, 0x000000008b800000|  0%| F|  |TAMS 0x000000008b700000, 0x000000008b700000| Untracked 
| 184|0x000000008b800000, 0x000000008b800000, 0x000000008b900000|  0%| F|  |TAMS 0x000000008b800000, 0x000000008b800000| Untracked 
| 185|0x000000008b900000, 0x000000008b900000, 0x000000008ba00000|  0%| F|  |TAMS 0x000000008b900000, 0x000000008b900000| Untracked 
| 186|0x000000008ba00000, 0x000000008ba00000, 0x000000008bb00000|  0%| F|  |TAMS 0x000000008ba00000, 0x000000008ba00000| Untracked 
| 187|0x000000008bb00000, 0x000000008bb00000, 0x000000008bc00000|  0%| F|  |TAMS 0x000000008bb00000, 0x000000008bb00000| Untracked 
| 188|0x000000008bc00000, 0x000000008bc00000, 0x000000008bd00000|  0%| F|  |TAMS 0x000000008bc00000, 0x000000008bc00000| Untracked 
| 189|0x000000008bd00000, 0x000000008bd00000, 0x000000008be00000|  0%| F|  |TAMS 0x000000008bd00000, 0x000000008bd00000| Untracked 
| 190|0x000000008be00000, 0x000000008be00000, 0x000000008bf00000|  0%| F|  |TAMS 0x000000008be00000, 0x000000008be00000| Untracked 
| 191|0x000000008bf00000, 0x000000008bf00000, 0x000000008c000000|  0%| F|  |TAMS 0x000000008bf00000, 0x000000008bf00000| Untracked 
| 192|0x000000008c000000, 0x000000008c000000, 0x000000008c100000|  0%| F|  |TAMS 0x000000008c000000, 0x000000008c000000| Untracked 
| 193|0x000000008c100000, 0x000000008c100000, 0x000000008c200000|  0%| F|  |TAMS 0x000000008c100000, 0x000000008c100000| Untracked 
| 194|0x000000008c200000, 0x000000008c200000, 0x000000008c300000|  0%| F|  |TAMS 0x000000008c200000, 0x000000008c200000| Untracked 
| 195|0x000000008c300000, 0x000000008c300000, 0x000000008c400000|  0%| F|  |TAMS 0x000000008c300000, 0x000000008c300000| Untracked 
| 196|0x000000008c400000, 0x000000008c400000, 0x000000008c500000|  0%| F|  |TAMS 0x000000008c400000, 0x000000008c400000| Untracked 
| 197|0x000000008c500000, 0x000000008c500000, 0x000000008c600000|  0%| F|  |TAMS 0x000000008c500000, 0x000000008c500000| Untracked 
| 198|0x000000008c600000, 0x000000008c600000, 0x000000008c700000|  0%| F|  |TAMS 0x000000008c600000, 0x000000008c600000| Untracked 
| 199|0x000000008c700000, 0x000000008c700000, 0x000000008c800000|  0%| F|  |TAMS 0x000000008c700000, 0x000000008c700000| Untracked 
| 200|0x000000008c800000, 0x000000008c800000, 0x000000008c900000|  0%| F|  |TAMS 0x000000008c800000, 0x000000008c800000| Untracked 
| 201|0x000000008c900000, 0x000000008c900000, 0x000000008ca00000|  0%| F|  |TAMS 0x000000008c900000, 0x000000008c900000| Untracked 
| 202|0x000000008ca00000, 0x000000008ca61230, 0x000000008cb00000| 37%| S|CS|TAMS 0x000000008ca00000, 0x000000008ca00000| Complete 
| 203|0x000000008cb00000, 0x000000008cc00000, 0x000000008cc00000|100%| S|CS|TAMS 0x000000008cb00000, 0x000000008cb00000| Complete 
| 204|0x000000008cc00000, 0x000000008cd00000, 0x000000008cd00000|100%| S|CS|TAMS 0x000000008cc00000, 0x000000008cc00000| Complete 
| 205|0x000000008cd00000, 0x000000008ce00000, 0x000000008ce00000|100%| S|CS|TAMS 0x000000008cd00000, 0x000000008cd00000| Complete 
| 206|0x000000008ce00000, 0x000000008ce00000, 0x000000008cf00000|  0%| F|  |TAMS 0x000000008ce00000, 0x000000008ce00000| Untracked 
| 207|0x000000008cf00000, 0x000000008cf00000, 0x000000008d000000|  0%| F|  |TAMS 0x000000008cf00000, 0x000000008cf00000| Untracked 
| 208|0x000000008d000000, 0x000000008d000000, 0x000000008d100000|  0%| F|  |TAMS 0x000000008d000000, 0x000000008d000000| Untracked 
| 209|0x000000008d100000, 0x000000008d200000, 0x000000008d200000|100%| S|CS|TAMS 0x000000008d100000, 0x000000008d100000| Complete 
| 210|0x000000008d200000, 0x000000008d300000, 0x000000008d300000|100%| S|CS|TAMS 0x000000008d200000, 0x000000008d200000| Complete 
| 211|0x000000008d300000, 0x000000008d400000, 0x000000008d400000|100%| S|CS|TAMS 0x000000008d300000, 0x000000008d300000| Complete 
| 212|0x000000008d400000, 0x000000008d500000, 0x000000008d500000|100%| S|CS|TAMS 0x000000008d400000, 0x000000008d400000| Complete 
| 213|0x000000008d500000, 0x000000008d500000, 0x000000008d600000|  0%| F|  |TAMS 0x000000008d500000, 0x000000008d500000| Untracked 
| 214|0x000000008d600000, 0x000000008d600000, 0x000000008d700000|  0%| F|  |TAMS 0x000000008d600000, 0x000000008d600000| Untracked 
| 215|0x000000008d700000, 0x000000008d700000, 0x000000008d800000|  0%| F|  |TAMS 0x000000008d700000, 0x000000008d700000| Untracked 
| 216|0x000000008d800000, 0x000000008d800000, 0x000000008d900000|  0%| F|  |TAMS 0x000000008d800000, 0x000000008d800000| Untracked 
| 217|0x000000008d900000, 0x000000008d900000, 0x000000008da00000|  0%| F|  |TAMS 0x000000008d900000, 0x000000008d900000| Untracked 
| 218|0x000000008da00000, 0x000000008da00000, 0x000000008db00000|  0%| F|  |TAMS 0x000000008da00000, 0x000000008da00000| Untracked 
| 219|0x000000008db00000, 0x000000008db00000, 0x000000008dc00000|  0%| F|  |TAMS 0x000000008db00000, 0x000000008db00000| Untracked 
| 220|0x000000008dc00000, 0x000000008dc00000, 0x000000008dd00000|  0%| F|  |TAMS 0x000000008dc00000, 0x000000008dc00000| Untracked 
| 221|0x000000008dd00000, 0x000000008dd00000, 0x000000008de00000|  0%| F|  |TAMS 0x000000008dd00000, 0x000000008dd00000| Untracked 
| 222|0x000000008de00000, 0x000000008de00000, 0x000000008df00000|  0%| F|  |TAMS 0x000000008de00000, 0x000000008de00000| Untracked 
| 223|0x000000008df00000, 0x000000008df00000, 0x000000008e000000|  0%| F|  |TAMS 0x000000008df00000, 0x000000008df00000| Untracked 
| 224|0x000000008e000000, 0x000000008e000000, 0x000000008e100000|  0%| F|  |TAMS 0x000000008e000000, 0x000000008e000000| Untracked 
| 225|0x000000008e100000, 0x000000008e100000, 0x000000008e200000|  0%| F|  |TAMS 0x000000008e100000, 0x000000008e100000| Untracked 
| 226|0x000000008e200000, 0x000000008e200000, 0x000000008e300000|  0%| F|  |TAMS 0x000000008e200000, 0x000000008e200000| Untracked 
| 227|0x000000008e300000, 0x000000008e300000, 0x000000008e400000|  0%| F|  |TAMS 0x000000008e300000, 0x000000008e300000| Untracked 
| 228|0x000000008e400000, 0x000000008e400000, 0x000000008e500000|  0%| F|  |TAMS 0x000000008e400000, 0x000000008e400000| Untracked 
| 229|0x000000008e500000, 0x000000008e500000, 0x000000008e600000|  0%| F|  |TAMS 0x000000008e500000, 0x000000008e500000| Untracked 
| 230|0x000000008e600000, 0x000000008e600000, 0x000000008e700000|  0%| F|  |TAMS 0x000000008e600000, 0x000000008e600000| Untracked 
| 231|0x000000008e700000, 0x000000008e700000, 0x000000008e800000|  0%| F|  |TAMS 0x000000008e700000, 0x000000008e700000| Untracked 
| 232|0x000000008e800000, 0x000000008e800000, 0x000000008e900000|  0%| F|  |TAMS 0x000000008e800000, 0x000000008e800000| Untracked 
| 233|0x000000008e900000, 0x000000008e900000, 0x000000008ea00000|  0%| F|  |TAMS 0x000000008e900000, 0x000000008e900000| Untracked 
| 234|0x000000008ea00000, 0x000000008ea00000, 0x000000008eb00000|  0%| F|  |TAMS 0x000000008ea00000, 0x000000008ea00000| Untracked 
| 235|0x000000008eb00000, 0x000000008eb00000, 0x000000008ec00000|  0%| F|  |TAMS 0x000000008eb00000, 0x000000008eb00000| Untracked 
| 236|0x000000008ec00000, 0x000000008ec00000, 0x000000008ed00000|  0%| F|  |TAMS 0x000000008ec00000, 0x000000008ec00000| Untracked 
| 237|0x000000008ed00000, 0x000000008ed00000, 0x000000008ee00000|  0%| F|  |TAMS 0x000000008ed00000, 0x000000008ed00000| Untracked 
| 238|0x000000008ee00000, 0x000000008ee00000, 0x000000008ef00000|  0%| F|  |TAMS 0x000000008ee00000, 0x000000008ee00000| Untracked 
| 239|0x000000008ef00000, 0x000000008ef00000, 0x000000008f000000|  0%| F|  |TAMS 0x000000008ef00000, 0x000000008ef00000| Untracked 
| 240|0x000000008f000000, 0x000000008f000000, 0x000000008f100000|  0%| F|  |TAMS 0x000000008f000000, 0x000000008f000000| Untracked 
| 241|0x000000008f100000, 0x000000008f100000, 0x000000008f200000|  0%| F|  |TAMS 0x000000008f100000, 0x000000008f100000| Untracked 
| 242|0x000000008f200000, 0x000000008f200000, 0x000000008f300000|  0%| F|  |TAMS 0x000000008f200000, 0x000000008f200000| Untracked 
| 243|0x000000008f300000, 0x000000008f300000, 0x000000008f400000|  0%| F|  |TAMS 0x000000008f300000, 0x000000008f300000| Untracked 
| 244|0x000000008f400000, 0x000000008f400000, 0x000000008f500000|  0%| F|  |TAMS 0x000000008f400000, 0x000000008f400000| Untracked 
| 245|0x000000008f500000, 0x000000008f500000, 0x000000008f600000|  0%| F|  |TAMS 0x000000008f500000, 0x000000008f500000| Untracked 
| 246|0x000000008f600000, 0x000000008f600000, 0x000000008f700000|  0%| F|  |TAMS 0x000000008f600000, 0x000000008f600000| Untracked 
| 247|0x000000008f700000, 0x000000008f700000, 0x000000008f800000|  0%| F|  |TAMS 0x000000008f700000, 0x000000008f700000| Untracked 
| 248|0x000000008f800000, 0x000000008f800000, 0x000000008f900000|  0%| F|  |TAMS 0x000000008f800000, 0x000000008f800000| Untracked 
| 249|0x000000008f900000, 0x000000008f900000, 0x000000008fa00000|  0%| F|  |TAMS 0x000000008f900000, 0x000000008f900000| Untracked 
| 250|0x000000008fa00000, 0x000000008fa00000, 0x000000008fb00000|  0%| F|  |TAMS 0x000000008fa00000, 0x000000008fa00000| Untracked 
| 251|0x000000008fb00000, 0x000000008fb00000, 0x000000008fc00000|  0%| F|  |TAMS 0x000000008fb00000, 0x000000008fb00000| Untracked 
| 252|0x000000008fc00000, 0x000000008fc00000, 0x000000008fd00000|  0%| F|  |TAMS 0x000000008fc00000, 0x000000008fc00000| Untracked 
| 253|0x000000008fd00000, 0x000000008fd00000, 0x000000008fe00000|  0%| F|  |TAMS 0x000000008fd00000, 0x000000008fd00000| Untracked 
| 254|0x000000008fe00000, 0x000000008fe00000, 0x000000008ff00000|  0%| F|  |TAMS 0x000000008fe00000, 0x000000008fe00000| Untracked 
| 255|0x000000008ff00000, 0x000000008ff00000, 0x0000000090000000|  0%| F|  |TAMS 0x000000008ff00000, 0x000000008ff00000| Untracked 
| 256|0x0000000090000000, 0x0000000090000000, 0x0000000090100000|  0%| F|  |TAMS 0x0000000090000000, 0x0000000090000000| Untracked 
| 257|0x0000000090100000, 0x0000000090100000, 0x0000000090200000|  0%| F|  |TAMS 0x0000000090100000, 0x0000000090100000| Untracked 
| 258|0x0000000090200000, 0x0000000090200000, 0x0000000090300000|  0%| F|  |TAMS 0x0000000090200000, 0x0000000090200000| Untracked 
| 259|0x0000000090300000, 0x000000009034ea08, 0x0000000090400000| 30%| E|  |TAMS 0x0000000090300000, 0x0000000090300000| Complete 
| 260|0x0000000090400000, 0x0000000090500000, 0x0000000090500000|100%| E|CS|TAMS 0x0000000090400000, 0x0000000090400000| Complete 
| 261|0x0000000090500000, 0x0000000090600000, 0x0000000090600000|100%| E|CS|TAMS 0x0000000090500000, 0x0000000090500000| Complete 
| 262|0x0000000090600000, 0x0000000090700000, 0x0000000090700000|100%| E|CS|TAMS 0x0000000090600000, 0x0000000090600000| Complete 
| 263|0x0000000090700000, 0x0000000090800000, 0x0000000090800000|100%| E|CS|TAMS 0x0000000090700000, 0x0000000090700000| Complete 
| 264|0x0000000090800000, 0x0000000090900000, 0x0000000090900000|100%| E|CS|TAMS 0x0000000090800000, 0x0000000090800000| Complete 
| 265|0x0000000090900000, 0x0000000090a00000, 0x0000000090a00000|100%| E|CS|TAMS 0x0000000090900000, 0x0000000090900000| Complete 
| 266|0x0000000090a00000, 0x0000000090b00000, 0x0000000090b00000|100%| E|CS|TAMS 0x0000000090a00000, 0x0000000090a00000| Complete 
| 267|0x0000000090b00000, 0x0000000090c00000, 0x0000000090c00000|100%| E|CS|TAMS 0x0000000090b00000, 0x0000000090b00000| Complete 
| 268|0x0000000090c00000, 0x0000000090d00000, 0x0000000090d00000|100%| E|CS|TAMS 0x0000000090c00000, 0x0000000090c00000| Complete 
| 269|0x0000000090d00000, 0x0000000090e00000, 0x0000000090e00000|100%| E|CS|TAMS 0x0000000090d00000, 0x0000000090d00000| Complete 
| 270|0x0000000090e00000, 0x0000000090f00000, 0x0000000090f00000|100%| E|CS|TAMS 0x0000000090e00000, 0x0000000090e00000| Complete 
| 271|0x0000000090f00000, 0x0000000091000000, 0x0000000091000000|100%| E|CS|TAMS 0x0000000090f00000, 0x0000000090f00000| Complete 
| 272|0x0000000091000000, 0x0000000091100000, 0x0000000091100000|100%| E|CS|TAMS 0x0000000091000000, 0x0000000091000000| Complete 
| 273|0x0000000091100000, 0x0000000091200000, 0x0000000091200000|100%| E|CS|TAMS 0x0000000091100000, 0x0000000091100000| Complete 
| 274|0x0000000091200000, 0x0000000091300000, 0x0000000091300000|100%| E|CS|TAMS 0x0000000091200000, 0x0000000091200000| Complete 
| 275|0x0000000091300000, 0x0000000091400000, 0x0000000091400000|100%| E|CS|TAMS 0x0000000091300000, 0x0000000091300000| Complete 
| 276|0x0000000091400000, 0x0000000091500000, 0x0000000091500000|100%| E|CS|TAMS 0x0000000091400000, 0x0000000091400000| Complete 
| 277|0x0000000091500000, 0x0000000091600000, 0x0000000091600000|100%| E|CS|TAMS 0x0000000091500000, 0x0000000091500000| Complete 
| 278|0x0000000091600000, 0x0000000091700000, 0x0000000091700000|100%| E|CS|TAMS 0x0000000091600000, 0x0000000091600000| Complete 

Card table byte_map: [0x00000168fd730000,0x00000168fdb30000] _byte_map_base: 0x00000168fd330000

Marking Bits (Prev, Next): (CMBitMap*) 0x00000168fd2ce620, (CMBitMap*) 0x00000168fd2ce5e0
 Prev Bits: [0x0000016896a40000, 0x0000016898a40000)
 Next Bits: [0x00000168fdf30000, 0x00000168fff30000)

Polling page: 0x00000168fca30000

Metaspace:

Usage:
  Non-class:     95.57 MB used.
      Class:     14.93 MB used.
       Both:    110.51 MB used.

Virtual space:
  Non-class space:      128.00 MB reserved,      96.06 MB ( 75%) committed,  2 nodes.
      Class space:      416.00 MB reserved,      15.38 MB (  4%) committed,  1 nodes.
             Both:      544.00 MB reserved,     111.44 MB ( 20%) committed. 

Chunk freelists:
   Non-Class:  15.75 MB
       Class:  658.00 KB
        Both:  16.39 MB

MaxMetaspaceSize: 512.00 MB
CompressedClassSpaceSize: 416.00 MB
Initial GC threshold: 21.00 MB
Current GC threshold: 175.31 MB
CDS: on
MetaspaceReclaimPolicy: balanced
 - commit_granule_bytes: 65536.
 - commit_granule_words: 8192.
 - virtual_space_node_default_size: 8388608.
 - enlarge_chunks_in_place: 1.
 - new_chunks_are_fully_committed: 0.
 - uncommit_free_chunks: 1.
 - use_allocation_guard: 0.
 - handle_deallocations: 1.


Internal statistics:

num_allocs_failed_limit: 6.
num_arena_births: 1296.
num_arena_deaths: 8.
num_vsnodes_births: 3.
num_vsnodes_deaths: 0.
num_space_committed: 1781.
num_space_uncommitted: 0.
num_chunks_returned_to_freelist: 15.
num_chunks_taken_from_freelist: 6056.
num_chunk_merges: 8.
num_chunk_splits: 3940.
num_chunks_enlarged: 2557.
num_inconsistent_stats: 0.

CodeHeap 'non-profiled nmethods': size=120000Kb used=9521Kb max_used=9521Kb free=110478Kb
 bounds [0x000001688f510000, 0x000001688fe60000, 0x0000016896a40000]
CodeHeap 'profiled nmethods': size=120000Kb used=27964Kb max_used=27964Kb free=92035Kb
 bounds [0x0000016887a40000, 0x0000016889590000, 0x000001688ef70000]
CodeHeap 'non-nmethods': size=5760Kb used=2447Kb max_used=2591Kb free=3312Kb
 bounds [0x000001688ef70000, 0x000001688f210000, 0x000001688f510000]
 total_blobs=15479 nmethods=14489 adapters=902
 compilation: enabled
              stopped_count=0, restarted_count=0
 full_count=0

Compilation events (20 events):
Event: 470.612 Thread 0x00000168bdb4ec70 16866       4       org.gradle.api.internal.attributes.DefaultImmutableAttributesFactory::mutable (14 bytes)
Event: 470.615 Thread 0x00000168bdb4ec70 nmethod 16866 0x000001688fe54c90 code [0x000001688fe54e20, 0x000001688fe54f98]
Event: 470.616 Thread 0x000001689af0a4c0 nmethod 16862 0x000001688fe55090 code [0x000001688fe552c0, 0x000001688fe56dc0]
Event: 470.627 Thread 0x000001689af0a4c0 16867   !   4       org.gradle.cache.internal.DefaultMultiProcessSafeIndexedCache::getIfPresent (25 bytes)
Event: 470.629 Thread 0x000001689af34eb0 16868       3       org.gradle.internal.component.external.model.AbstractMutableModuleComponentResolveMetadata::getVariants (168 bytes)
Event: 470.631 Thread 0x000001689af34eb0 nmethod 16868 0x0000016889585890 code [0x0000016889585b60, 0x0000016889586b88]
Event: 470.631 Thread 0x000001689af34eb0 16869       3       org.gradle.internal.component.model.DefaultComponentGraphResolveState::<init> (123 bytes)
Event: 470.634 Thread 0x000001689af34eb0 nmethod 16869 0x0000016889587110 code [0x0000016889587540, 0x0000016889589a18]
Event: 470.634 Thread 0x000001689af34eb0 16870       3       org.gradle.internal.component.external.model.DefaultConfigurationMetadata::getDependencies (28 bytes)
Event: 470.635 Thread 0x000001689af34eb0 nmethod 16870 0x000001688958a510 code [0x000001688958a6c0, 0x000001688958aa98]
Event: 470.680 Thread 0x00000168bdb4ec70 16871       4       java.util.Collections$EmptyList::iterator (4 bytes)
Event: 470.681 Thread 0x00000168bdb4ec70 nmethod 16871 0x000001688fe57c10 code [0x000001688fe57d80, 0x000001688fe57df8]
Event: 470.690 Thread 0x00000168bdb4ec70 16872       4       org.gradle.api.internal.artifacts.ModuleComponentSelectorSerializer::readVersionConstraint (91 bytes)
Event: 470.720 Thread 0x00000168bdb4ec70 nmethod 16872 0x000001688fe57f10 code [0x000001688fe58180, 0x000001688fe59060]
Event: 470.720 Thread 0x00000168bdb4ec70 16873       4       java.time.Duration::toMillis (51 bytes)
Event: 470.722 Thread 0x00000168bdb4ec70 nmethod 16873 0x000001688fe59a90 code [0x000001688fe59c00, 0x000001688fe59d18]
Event: 470.741 Thread 0x000001689af34eb0 16874       3       org.gradle.internal.component.external.model.maven.DefaultMavenModuleResolveMetadata::filterDependencies (224 bytes)
Event: 470.746 Thread 0x000001689af34eb0 nmethod 16874 0x000001688958ac10 code [0x000001688958b040, 0x000001688958d368]
Event: 470.751 Thread 0x00000168bdb4ec70 16875       4       org.gradle.internal.serialize.kryo.StringDeduplicatingKryoBackedEncoder::writeBoolean (9 bytes)
Event: 470.754 Thread 0x00000168bdb4ec70 nmethod 16875 0x000001688fe59e10 code [0x000001688fe59fa0, 0x000001688fe5a0e8]

GC Heap History (20 events):
Event: 77.552 GC heap before
{Heap before GC invocations=68 (full 0):
 garbage-first heap   total 203776K, used 179047K [0x0000000080000000, 0x0000000100000000)
  region size 1024K, 19 young (19456K), 3 survivors (3072K)
 Metaspace       used 106610K, committed 107520K, reserved 557056K
  class space    used 14655K, committed 15104K, reserved 425984K
}
Event: 77.561 GC heap after
{Heap after GC invocations=69 (full 0):
 garbage-first heap   total 203776K, used 162003K [0x0000000080000000, 0x0000000100000000)
  region size 1024K, 2 young (2048K), 2 survivors (2048K)
 Metaspace       used 106610K, committed 107520K, reserved 557056K
  class space    used 14655K, committed 15104K, reserved 425984K
}
Event: 77.982 GC heap before
{Heap before GC invocations=69 (full 0):
 garbage-first heap   total 203776K, used 180435K [0x0000000080000000, 0x0000000100000000)
  region size 1024K, 18 young (18432K), 2 survivors (2048K)
 Metaspace       used 106711K, committed 107648K, reserved 557056K
  class space    used 14667K, committed 15104K, reserved 425984K
}
Event: 77.989 GC heap after
{Heap after GC invocations=70 (full 0):
 garbage-first heap   total 203776K, used 163472K [0x0000000080000000, 0x0000000100000000)
  region size 1024K, 3 young (3072K), 3 survivors (3072K)
 Metaspace       used 106711K, committed 107648K, reserved 557056K
  class space    used 14667K, committed 15104K, reserved 425984K
}
Event: 78.166 GC heap before
{Heap before GC invocations=70 (full 0):
 garbage-first heap   total 203776K, used 179856K [0x0000000080000000, 0x0000000100000000)
  region size 1024K, 18 young (18432K), 3 survivors (3072K)
 Metaspace       used 106711K, committed 107648K, reserved 557056K
  class space    used 14667K, committed 15104K, reserved 425984K
}
Event: 78.173 GC heap after
{Heap after GC invocations=71 (full 0):
 garbage-first heap   total 203776K, used 162504K [0x0000000080000000, 0x0000000100000000)
  region size 1024K, 2 young (2048K), 2 survivors (2048K)
 Metaspace       used 106711K, committed 107648K, reserved 557056K
  class space    used 14667K, committed 15104K, reserved 425984K
}
Event: 78.390 GC heap before
{Heap before GC invocations=71 (full 0):
 garbage-first heap   total 203776K, used 170696K [0x0000000080000000, 0x0000000100000000)
  region size 1024K, 9 young (9216K), 2 survivors (2048K)
 Metaspace       used 106711K, committed 107648K, reserved 557056K
  class space    used 14667K, committed 15104K, reserved 425984K
}
Event: 78.395 GC heap after
{Heap after GC invocations=72 (full 0):
 garbage-first heap   total 203776K, used 164797K [0x0000000080000000, 0x0000000100000000)
  region size 1024K, 2 young (2048K), 2 survivors (2048K)
 Metaspace       used 106711K, committed 107648K, reserved 557056K
  class space    used 14667K, committed 15104K, reserved 425984K
}
Event: 78.664 GC heap before
{Heap before GC invocations=72 (full 0):
 garbage-first heap   total 203776K, used 179133K [0x0000000080000000, 0x0000000100000000)
  region size 1024K, 15 young (15360K), 2 survivors (2048K)
 Metaspace       used 106718K, committed 107648K, reserved 557056K
  class space    used 14667K, committed 15104K, reserved 425984K
}
Event: 78.671 GC heap after
{Heap after GC invocations=73 (full 0):
 garbage-first heap   total 244736K, used 163882K [0x0000000080000000, 0x0000000100000000)
  region size 1024K, 2 young (2048K), 2 survivors (2048K)
 Metaspace       used 106718K, committed 107648K, reserved 557056K
  class space    used 14667K, committed 15104K, reserved 425984K
}
Event: 80.678 GC heap before
{Heap before GC invocations=74 (full 0):
 garbage-first heap   total 285696K, used 208938K [0x0000000080000000, 0x0000000100000000)
  region size 1024K, 43 young (44032K), 2 survivors (2048K)
 Metaspace       used 106826K, committed 107840K, reserved 557056K
  class space    used 14673K, committed 15168K, reserved 425984K
}
Event: 80.691 GC heap after
{Heap after GC invocations=75 (full 0):
 garbage-first heap   total 285696K, used 166683K [0x0000000080000000, 0x0000000100000000)
  region size 1024K, 5 young (5120K), 5 survivors (5120K)
 Metaspace       used 106826K, committed 107840K, reserved 557056K
  class space    used 14673K, committed 15168K, reserved 425984K
}
Event: 80.795 GC heap before
{Heap before GC invocations=75 (full 0):
 garbage-first heap   total 285696K, used 173851K [0x0000000080000000, 0x0000000100000000)
  region size 1024K, 13 young (13312K), 5 survivors (5120K)
 Metaspace       used 106856K, committed 107840K, reserved 557056K
  class space    used 14678K, committed 15168K, reserved 425984K
}
Event: 80.810 GC heap after
{Heap after GC invocations=76 (full 0):
 garbage-first heap   total 285696K, used 166382K [0x0000000080000000, 0x0000000100000000)
  region size 1024K, 1 young (1024K), 1 survivors (1024K)
 Metaspace       used 106856K, committed 107840K, reserved 557056K
  class space    used 14678K, committed 15168K, reserved 425984K
}
Event: 82.591 GC heap before
{Heap before GC invocations=76 (full 0):
 garbage-first heap   total 285696K, used 247278K [0x0000000080000000, 0x0000000100000000)
  region size 1024K, 73 young (74752K), 1 survivors (1024K)
 Metaspace       used 107018K, committed 107968K, reserved 557056K
  class space    used 14700K, committed 15168K, reserved 425984K
}
Event: 82.621 GC heap after
{Heap after GC invocations=77 (full 0):
 garbage-first heap   total 285696K, used 170382K [0x0000000080000000, 0x0000000100000000)
  region size 1024K, 5 young (5120K), 5 survivors (5120K)
 Metaspace       used 107018K, committed 107968K, reserved 557056K
  class space    used 14700K, committed 15168K, reserved 425984K
}
Event: 86.280 GC heap before
{Heap before GC invocations=77 (full 0):
 garbage-first heap   total 285696K, used 245134K [0x0000000080000000, 0x0000000100000000)
  region size 1024K, 75 young (76800K), 5 survivors (5120K)
 Metaspace       used 108579K, committed 109568K, reserved 557056K
  class space    used 14894K, committed 15360K, reserved 425984K
}
Event: 86.308 GC heap after
{Heap after GC invocations=78 (full 0):
 garbage-first heap   total 285696K, used 174946K [0x0000000080000000, 0x0000000100000000)
  region size 1024K, 10 young (10240K), 10 survivors (10240K)
 Metaspace       used 108579K, committed 109568K, reserved 557056K
  class space    used 14894K, committed 15360K, reserved 425984K
}
Event: 465.364 GC heap before
{Heap before GC invocations=78 (full 0):
 garbage-first heap   total 285696K, used 241506K [0x0000000080000000, 0x0000000100000000)
  region size 1024K, 76 young (77824K), 10 survivors (10240K)
 Metaspace       used 112998K, committed 113984K, reserved 557056K
  class space    used 15285K, committed 15744K, reserved 425984K
}
Event: 466.343 GC heap after
{Heap after GC invocations=79 (full 0):
 garbage-first heap   total 285696K, used 177759K [0x0000000080000000, 0x0000000100000000)
  region size 1024K, 8 young (8192K), 8 survivors (8192K)
 Metaspace       used 112998K, committed 113984K, reserved 557056K
  class space    used 15285K, committed 15744K, reserved 425984K
}

Dll operation events (14 events):
Event: 0.018 Loaded shared library C:\Program Files\Microsoft\jdk-17.0.8.7-hotspot\bin\java.dll
Event: 0.043 Loaded shared library C:\Program Files\Microsoft\jdk-17.0.8.7-hotspot\bin\jsvml.dll
Event: 0.142 Loaded shared library C:\Program Files\Microsoft\jdk-17.0.8.7-hotspot\bin\zip.dll
Event: 0.148 Loaded shared library C:\Program Files\Microsoft\jdk-17.0.8.7-hotspot\bin\instrument.dll
Event: 0.155 Loaded shared library C:\Program Files\Microsoft\jdk-17.0.8.7-hotspot\bin\net.dll
Event: 0.157 Loaded shared library C:\Program Files\Microsoft\jdk-17.0.8.7-hotspot\bin\nio.dll
Event: 0.164 Loaded shared library C:\Program Files\Microsoft\jdk-17.0.8.7-hotspot\bin\zip.dll
Event: 0.571 Loaded shared library C:\Program Files\Microsoft\jdk-17.0.8.7-hotspot\bin\jimage.dll
Event: 0.746 Loaded shared library C:\Program Files\Microsoft\jdk-17.0.8.7-hotspot\bin\verify.dll
Event: 1.073 Loaded shared library C:\Users\Hissam\.gradle\native\68d5fa5c4cc2d200863cafc0d521ce42e7d3e7ee720ec0a83991735586a16f82\windows-amd64\native-platform.dll
Event: 1.109 Loaded shared library C:\Users\Hissam\.gradle\native\e376f236ea51e6404a007f0833ffe2c6e607c4080706a723a18a27aeea778392\windows-amd64\native-platform-file-events.dll
Event: 3.407 Loaded shared library C:\Program Files\Microsoft\jdk-17.0.8.7-hotspot\bin\management.dll
Event: 3.412 Loaded shared library C:\Program Files\Microsoft\jdk-17.0.8.7-hotspot\bin\management_ext.dll
Event: 4.318 Loaded shared library C:\Program Files\Microsoft\jdk-17.0.8.7-hotspot\bin\sunmscapi.dll

Deoptimization events (20 events):
Event: 470.395 Thread 0x00000168bf966f70 Uncommon trap: trap_request=0xffffffbe fr.pc=0x000001688f8554c4 relative=0x0000000000000264
Event: 470.395 Thread 0x00000168bf966f70 Uncommon trap: reason=profile_predicate action=maybe_recompile pc=0x000001688f8554c4 method=java.util.Collections.indexedBinarySearch(Ljava/util/List;Ljava/lang/Object;Ljava/util/Comparator;)I @ 15 c2
Event: 470.395 Thread 0x00000168bf966f70 DEOPT PACKING pc=0x000001688f8554c4 sp=0x00000027c44f8770
Event: 470.395 Thread 0x00000168bf966f70 DEOPT UNPACKING pc=0x000001688efc69a3 sp=0x00000027c44f86a0 mode 2
Event: 470.451 Thread 0x00000168bf966f70 Uncommon trap: trap_request=0xffffffbe fr.pc=0x000001688f8554c4 relative=0x0000000000000264
Event: 470.451 Thread 0x00000168bf966f70 Uncommon trap: reason=profile_predicate action=maybe_recompile pc=0x000001688f8554c4 method=java.util.Collections.indexedBinarySearch(Ljava/util/List;Ljava/lang/Object;Ljava/util/Comparator;)I @ 15 c2
Event: 470.451 Thread 0x00000168bf966f70 DEOPT PACKING pc=0x000001688f8554c4 sp=0x00000027c44f8770
Event: 470.451 Thread 0x00000168bf966f70 DEOPT UNPACKING pc=0x000001688efc69a3 sp=0x00000027c44f86a0 mode 2
Event: 470.461 Thread 0x00000168bf966f70 Uncommon trap: trap_request=0xffffffbe fr.pc=0x000001688f8554c4 relative=0x0000000000000264
Event: 470.461 Thread 0x00000168bf966f70 Uncommon trap: reason=profile_predicate action=maybe_recompile pc=0x000001688f8554c4 method=java.util.Collections.indexedBinarySearch(Ljava/util/List;Ljava/lang/Object;Ljava/util/Comparator;)I @ 15 c2
Event: 470.461 Thread 0x00000168bf966f70 DEOPT PACKING pc=0x000001688f8554c4 sp=0x00000027c44f8770
Event: 470.461 Thread 0x00000168bf966f70 DEOPT UNPACKING pc=0x000001688efc69a3 sp=0x00000027c44f86a0 mode 2
Event: 470.461 Thread 0x00000168bf966f70 Uncommon trap: trap_request=0xffffffbe fr.pc=0x000001688f8554c4 relative=0x0000000000000264
Event: 470.461 Thread 0x00000168bf966f70 Uncommon trap: reason=profile_predicate action=maybe_recompile pc=0x000001688f8554c4 method=java.util.Collections.indexedBinarySearch(Ljava/util/List;Ljava/lang/Object;Ljava/util/Comparator;)I @ 15 c2
Event: 470.461 Thread 0x00000168bf966f70 DEOPT PACKING pc=0x000001688f8554c4 sp=0x00000027c44f8770
Event: 470.461 Thread 0x00000168bf966f70 DEOPT UNPACKING pc=0x000001688efc69a3 sp=0x00000027c44f86a0 mode 2
Event: 470.670 Thread 0x00000168bf966f70 Uncommon trap: trap_request=0xffffffbe fr.pc=0x000001688f88da40 relative=0x0000000000000200
Event: 470.670 Thread 0x00000168bf966f70 Uncommon trap: reason=profile_predicate action=maybe_recompile pc=0x000001688f88da40 method=java.util.Collections.indexedBinarySearch(Ljava/util/List;Ljava/lang/Object;Ljava/util/Comparator;)I @ 15 c2
Event: 470.670 Thread 0x00000168bf966f70 DEOPT PACKING pc=0x000001688f88da40 sp=0x00000027c44f86f0
Event: 470.670 Thread 0x00000168bf966f70 DEOPT UNPACKING pc=0x000001688efc69a3 sp=0x00000027c44f86a0 mode 2

Classes unloaded (4 events):
Event: 78.935 Thread 0x000001689aee4600 Unloading class 0x000001689cea0400 'java/lang/invoke/LambdaForm$DMH+0x000001689cea0400'
Event: 78.935 Thread 0x000001689aee4600 Unloading class 0x000001689ce94c00 'java/lang/invoke/LambdaForm$DMH+0x000001689ce94c00'
Event: 78.935 Thread 0x000001689aee4600 Unloading class 0x000001689ce94800 'java/lang/invoke/LambdaForm$DMH+0x000001689ce94800'
Event: 78.935 Thread 0x000001689aee4600 Unloading class 0x000001689ce94000 'java/lang/invoke/LambdaForm$DMH+0x000001689ce94000'

Classes redefined (0 events):
No events

Internal exceptions (20 events):
Event: 87.031 Thread 0x00000168bf4403d0 Exception <a 'java/lang/NoSuchMethodError'{0x0000000091370838}: 'void java.lang.invoke.DirectMethodHandle$Holder.invokeStatic(java.lang.Object, java.lang.Object, java.lang.Object, int, java.lang.Object, java.lang.Object, java.lang.Object)'> (0x0000000091370838) 
thrown [s\src\hotspot\share\interpreter\linkResolver.cpp, line 759]
Event: 131.079 Thread 0x00000168bb806130 Exception <a 'java/lang/NoSuchMethodError'{0x0000000090fb1a30}: 'void java.lang.invoke.DirectMethodHandle$Holder.invokeSpecial(java.lang.Object, java.lang.Object, int)'> (0x0000000090fb1a30) 
thrown [s\src\hotspot\share\interpreter\linkResolver.cpp, line 759]
Event: 131.097 Thread 0x00000168bb802e90 Exception <a 'sun/nio/fs/WindowsException'{0x0000000090e00fa8}> (0x0000000090e00fa8) 
thrown [s\src\hotspot\share\prims\jni.cpp, line 516]
Event: 131.797 Thread 0x00000168bb806130 Implicit null exception at 0x000001688faadb8f to 0x000001688faadbdc
Event: 131.976 Thread 0x00000168bb806130 Implicit null exception at 0x000001688faad46c to 0x000001688faad5a4
Event: 455.706 Thread 0x00000168bf966f70 Implicit null exception at 0x000001688fa22323 to 0x000001688fa29ee0
Event: 457.335 Thread 0x00000168bf966f70 Exception <a 'sun/nio/fs/WindowsException'{0x000000008dfbfb68}> (0x000000008dfbfb68) 
thrown [s\src\hotspot\share\prims\jni.cpp, line 516]
Event: 457.336 Thread 0x00000168bf966f70 Exception <a 'sun/nio/fs/WindowsException'{0x000000008dfc1338}> (0x000000008dfc1338) 
thrown [s\src\hotspot\share\prims\jni.cpp, line 516]
Event: 457.337 Thread 0x00000168bf966f70 Exception <a 'sun/nio/fs/WindowsException'{0x000000008dfc28c0}> (0x000000008dfc28c0) 
thrown [s\src\hotspot\share\prims\jni.cpp, line 516]
Event: 457.338 Thread 0x00000168bf966f70 Exception <a 'sun/nio/fs/WindowsException'{0x000000008dfc3e38}> (0x000000008dfc3e38) 
thrown [s\src\hotspot\share\prims\jni.cpp, line 516]
Event: 464.086 Thread 0x00000168bf966f70 Exception <a 'sun/nio/fs/WindowsException'{0x000000008dee7a48}> (0x000000008dee7a48) 
thrown [s\src\hotspot\share\prims\jni.cpp, line 516]
Event: 464.087 Thread 0x00000168bf966f70 Exception <a 'sun/nio/fs/WindowsException'{0x000000008dee9278}> (0x000000008dee9278) 
thrown [s\src\hotspot\share\prims\jni.cpp, line 516]
Event: 464.087 Thread 0x00000168bf966f70 Exception <a 'sun/nio/fs/WindowsException'{0x000000008deeaaa8}> (0x000000008deeaaa8) 
thrown [s\src\hotspot\share\prims\jni.cpp, line 516]
Event: 464.088 Thread 0x00000168bf966f70 Exception <a 'sun/nio/fs/WindowsException'{0x000000008deec2c8}> (0x000000008deec2c8) 
thrown [s\src\hotspot\share\prims\jni.cpp, line 516]
Event: 466.651 Thread 0x00000168bf966f70 Exception <a 'sun/nio/fs/WindowsException'{0x0000000091582ea0}> (0x0000000091582ea0) 
thrown [s\src\hotspot\share\prims\jni.cpp, line 516]
Event: 466.651 Thread 0x00000168bf966f70 Exception <a 'sun/nio/fs/WindowsException'{0x0000000091583168}> (0x0000000091583168) 
thrown [s\src\hotspot\share\prims\jni.cpp, line 516]
Event: 466.651 Thread 0x00000168bf966f70 Exception <a 'sun/nio/fs/WindowsException'{0x0000000091585e90}> (0x0000000091585e90) 
thrown [s\src\hotspot\share\prims\jni.cpp, line 516]
Event: 466.651 Thread 0x00000168bf966f70 Exception <a 'sun/nio/fs/WindowsException'{0x0000000091586250}> (0x0000000091586250) 
thrown [s\src\hotspot\share\prims\jni.cpp, line 516]
Event: 466.652 Thread 0x00000168bf966f70 Exception <a 'sun/nio/fs/WindowsException'{0x000000009158b2b8}> (0x000000009158b2b8) 
thrown [s\src\hotspot\share\prims\jni.cpp, line 516]
Event: 466.652 Thread 0x00000168bf966f70 Exception <a 'sun/nio/fs/WindowsException'{0x000000009158b678}> (0x000000009158b678) 
thrown [s\src\hotspot\share\prims\jni.cpp, line 516]

VM Operations (20 events):
Event: 457.104 Executing VM operation: Cleanup
Event: 457.119 Executing VM operation: Cleanup done
Event: 458.131 Executing VM operation: Cleanup
Event: 458.131 Executing VM operation: Cleanup done
Event: 459.146 Executing VM operation: Cleanup
Event: 459.146 Executing VM operation: Cleanup done
Event: 464.174 Executing VM operation: Cleanup
Event: 464.189 Executing VM operation: Cleanup done
Event: 465.200 Executing VM operation: Cleanup
Event: 465.216 Executing VM operation: Cleanup done
Event: 465.363 Executing VM operation: G1CollectForAllocation
Event: 466.343 Executing VM operation: G1CollectForAllocation done
Event: 467.355 Executing VM operation: Cleanup
Event: 467.356 Executing VM operation: Cleanup done
Event: 468.366 Executing VM operation: Cleanup
Event: 468.367 Executing VM operation: Cleanup done
Event: 469.375 Executing VM operation: Cleanup
Event: 469.391 Executing VM operation: Cleanup done
Event: 470.399 Executing VM operation: Cleanup
Event: 470.416 Executing VM operation: Cleanup done

Events (20 events):
Event: 454.925 loading class jdk/internal/math/FormattedFloatingDecimal$2 done
Event: 455.006 Thread 0x00000168bf968dd0 Thread added: 0x00000168bf968dd0
Event: 455.013 Thread 0x00000168bf967990 Thread added: 0x00000168bf967990
Event: 456.926 Thread 0x00000168bf96cfa0 Thread added: 0x00000168bf96cfa0
Event: 457.006 Thread 0x00000168bf967ea0 Thread added: 0x00000168bf967ea0
Event: 457.022 Thread 0x00000168bf9697f0 Thread added: 0x00000168bf9697f0
Event: 457.091 Thread 0x00000168bf96ac30 Thread added: 0x00000168bf96ac30
Event: 465.005 Thread 0x00000168bf96d4b0 Thread added: 0x00000168bf96d4b0
Event: 465.006 Thread 0x00000168bf96d9c0 Thread added: 0x00000168bf96d9c0
Event: 466.423 Thread 0x00000168bf966550 Thread added: 0x00000168bf966550
Event: 467.203 Thread 0x00000168bf96bb60 Thread added: 0x00000168bf96bb60
Event: 467.389 Thread 0x00000168bdb54170 Thread added: 0x00000168bdb54170
Event: 467.420 Thread 0x00000168bf9683b0 Thread added: 0x00000168bf9683b0
Event: 467.422 Thread 0x00000168bf9688c0 Thread added: 0x00000168bf9688c0
Event: 467.424 Thread 0x00000168bf9692e0 Thread added: 0x00000168bf9692e0
Event: 468.630 Thread 0x00000168bdb54170 Thread exited: 0x00000168bdb54170
Event: 469.024 Thread 0x00000168bf96c070 Thread added: 0x00000168bf96c070
Event: 469.359 Thread 0x00000168bdb4ec70 Thread added: 0x00000168bdb4ec70
Event: 470.038 Thread 0x00000168bdb4ec70 Thread exited: 0x00000168bdb4ec70
Event: 470.174 Thread 0x00000168bdb4ec70 Thread added: 0x00000168bdb4ec70


Dynamic libraries:
0x00007ff7031a0000 - 0x00007ff7031ae000 	C:\Program Files\Microsoft\jdk-17.0.8.7-hotspot\bin\java.exe
0x00007ff836f10000 - 0x00007ff837108000 	C:\Windows\SYSTEM32\ntdll.dll
0x00007ff835ae0000 - 0x00007ff835b9d000 	C:\Windows\System32\KERNEL32.DLL
0x00007ff8348e0000 - 0x00007ff834bd6000 	C:\Windows\System32\KERNELBASE.dll
0x00007ff834c90000 - 0x00007ff834d90000 	C:\Windows\System32\ucrtbase.dll
0x00007ff818e10000 - 0x00007ff818e2b000 	C:\Program Files\Microsoft\jdk-17.0.8.7-hotspot\bin\VCRUNTIME140.dll
0x00007ff828ec0000 - 0x00007ff828ed7000 	C:\Program Files\Microsoft\jdk-17.0.8.7-hotspot\bin\jli.dll
0x00007ff835f60000 - 0x00007ff8360fe000 	C:\Windows\System32\USER32.dll
0x00007ff81ac10000 - 0x00007ff81aeaa000 	C:\Windows\WinSxS\amd64_microsoft.windows.common-controls_6595b64144ccf1df_6.0.19041.3636_none_60b6a03d71f818d5\COMCTL32.dll
0x00007ff834650000 - 0x00007ff834672000 	C:\Windows\System32\win32u.dll
0x00007ff836530000 - 0x00007ff8365ce000 	C:\Windows\System32\msvcrt.dll
0x00007ff835900000 - 0x00007ff83592b000 	C:\Windows\System32\GDI32.dll
0x00007ff834d90000 - 0x00007ff834ea7000 	C:\Windows\System32\gdi32full.dll
0x00007ff834eb0000 - 0x00007ff834f4d000 	C:\Windows\System32\msvcp_win.dll
0x00007ff8364f0000 - 0x00007ff836522000 	C:\Windows\System32\IMM32.DLL
0x00007ff80e450000 - 0x00007ff80e45c000 	C:\Program Files\Microsoft\jdk-17.0.8.7-hotspot\bin\vcruntime140_1.dll
0x00007fffb3ce0000 - 0x00007fffb3d6d000 	C:\Program Files\Microsoft\jdk-17.0.8.7-hotspot\bin\msvcp140.dll
0x00007fffb0900000 - 0x00007fffb1565000 	C:\Program Files\Microsoft\jdk-17.0.8.7-hotspot\bin\server\jvm.dll
0x00007ff836630000 - 0x00007ff8366e3000 	C:\Windows\System32\ADVAPI32.dll
0x00007ff835110000 - 0x00007ff8351af000 	C:\Windows\System32\sechost.dll
0x00007ff8367b0000 - 0x00007ff8368d6000 	C:\Windows\System32\RPCRT4.dll
0x00007ff834620000 - 0x00007ff834647000 	C:\Windows\System32\bcrypt.dll
0x00007ff834430000 - 0x00007ff83447b000 	C:\Windows\SYSTEM32\POWRPROF.dll
0x00007ff814b20000 - 0x00007ff814b29000 	C:\Windows\SYSTEM32\WSOCK32.dll
0x00007ff8019a0000 - 0x00007ff8019c7000 	C:\Windows\SYSTEM32\WINMM.dll
0x00007ff836480000 - 0x00007ff8364eb000 	C:\Windows\System32\WS2_32.dll
0x00007ff828a20000 - 0x00007ff828a2a000 	C:\Windows\SYSTEM32\VERSION.dll
0x00007ff834410000 - 0x00007ff834422000 	C:\Windows\SYSTEM32\UMPDC.dll
0x00007ff832e10000 - 0x00007ff832e22000 	C:\Windows\SYSTEM32\kernel.appcore.dll
0x00007ff80e440000 - 0x00007ff80e44a000 	C:\Program Files\Microsoft\jdk-17.0.8.7-hotspot\bin\jimage.dll
0x00007ff832bf0000 - 0x00007ff832dd4000 	C:\Windows\SYSTEM32\DBGHELP.DLL
0x00007ff809200000 - 0x00007ff809234000 	C:\Windows\SYSTEM32\dbgcore.DLL
0x00007ff834680000 - 0x00007ff834702000 	C:\Windows\System32\bcryptPrimitives.dll
0x00007ffffc910000 - 0x00007ffffc91e000 	C:\Program Files\Microsoft\jdk-17.0.8.7-hotspot\bin\instrument.dll
0x00007fffb5ba0000 - 0x00007fffb5bc5000 	C:\Program Files\Microsoft\jdk-17.0.8.7-hotspot\bin\java.dll
0x00007fffb3c00000 - 0x00007fffb3cd7000 	C:\Program Files\Microsoft\jdk-17.0.8.7-hotspot\bin\jsvml.dll
0x00007ff8351b0000 - 0x00007ff8358f5000 	C:\Windows\System32\SHELL32.dll
0x00007ff832450000 - 0x00007ff832bec000 	C:\Windows\SYSTEM32\windows.storage.dll
0x00007ff836100000 - 0x00007ff836454000 	C:\Windows\System32\combase.dll
0x00007ff833f90000 - 0x00007ff833fbe000 	C:\Windows\SYSTEM32\Wldp.dll
0x00007ff836d50000 - 0x00007ff836e1d000 	C:\Windows\System32\OLEAUT32.dll
0x00007ff836e20000 - 0x00007ff836ecd000 	C:\Windows\System32\SHCORE.dll
0x00007ff8366f0000 - 0x00007ff836745000 	C:\Windows\System32\shlwapi.dll
0x00007ff834500000 - 0x00007ff834525000 	C:\Windows\SYSTEM32\profapi.dll
0x00007fffbff20000 - 0x00007fffbff38000 	C:\Program Files\Microsoft\jdk-17.0.8.7-hotspot\bin\zip.dll
0x00007fffea720000 - 0x00007fffea739000 	C:\Program Files\Microsoft\jdk-17.0.8.7-hotspot\bin\net.dll
0x00007ff822550000 - 0x00007ff82265a000 	C:\Windows\SYSTEM32\WINHTTP.dll
0x00007ff833cf0000 - 0x00007ff833d5a000 	C:\Windows\system32\mswsock.dll
0x00007fffd04d0000 - 0x00007fffd04e6000 	C:\Program Files\Microsoft\jdk-17.0.8.7-hotspot\bin\nio.dll
0x00007ff8000a0000 - 0x00007ff8000b0000 	C:\Program Files\Microsoft\jdk-17.0.8.7-hotspot\bin\verify.dll
0x00007fffb3bd0000 - 0x00007fffb3bf7000 	C:\Users\Hissam\.gradle\native\68d5fa5c4cc2d200863cafc0d521ce42e7d3e7ee720ec0a83991735586a16f82\windows-amd64\native-platform.dll
0x00007fffb3a80000 - 0x00007fffb3bc4000 	C:\Users\Hissam\.gradle\native\e376f236ea51e6404a007f0833ffe2c6e607c4080706a723a18a27aeea778392\windows-amd64\native-platform-file-events.dll
0x00007ffffe1a0000 - 0x00007ffffe1a9000 	C:\Program Files\Microsoft\jdk-17.0.8.7-hotspot\bin\management.dll
0x00007ffffdb20000 - 0x00007ffffdb2b000 	C:\Program Files\Microsoft\jdk-17.0.8.7-hotspot\bin\management_ext.dll
0x00007ff834fd0000 - 0x00007ff834fd8000 	C:\Windows\System32\PSAPI.DLL
0x00007ff833ef0000 - 0x00007ff833f08000 	C:\Windows\SYSTEM32\CRYPTSP.dll
0x00007ff8335c0000 - 0x00007ff8335f4000 	C:\Windows\system32\rsaenh.dll
0x00007ff834480000 - 0x00007ff8344ae000 	C:\Windows\SYSTEM32\USERENV.dll
0x00007ff833ee0000 - 0x00007ff833eec000 	C:\Windows\SYSTEM32\CRYPTBASE.dll
0x00007ff833980000 - 0x00007ff8339bb000 	C:\Windows\SYSTEM32\IPHLPAPI.DLL
0x00007ff835930000 - 0x00007ff835938000 	C:\Windows\System32\NSI.dll
0x00007ff823070000 - 0x00007ff823087000 	C:\Windows\SYSTEM32\dhcpcsvc6.DLL
0x00007ff827670000 - 0x00007ff82768d000 	C:\Windows\SYSTEM32\dhcpcsvc.DLL
0x00007ff8339c0000 - 0x00007ff833a8b000 	C:\Windows\SYSTEM32\DNSAPI.dll
0x00007ffffc750000 - 0x00007ffffc75e000 	C:\Program Files\Microsoft\jdk-17.0.8.7-hotspot\bin\sunmscapi.dll
0x00007ff834710000 - 0x00007ff83486d000 	C:\Windows\System32\CRYPT32.dll
0x00007ff834000000 - 0x00007ff834028000 	C:\Windows\SYSTEM32\ncrypt.dll
0x00007ff833fc0000 - 0x00007ff833ffb000 	C:\Windows\SYSTEM32\NTASN1.dll
0x00007ffffc3c0000 - 0x00007ffffc3c7000 	C:\Windows\system32\wshunix.dll
0x00007ff81f3c0000 - 0x00007ff81f3ca000 	C:\Windows\System32\rasadhlp.dll
0x00007ff81f3e0000 - 0x00007ff81f460000 	C:\Windows\System32\fwpuclnt.dll
0x00007ff80b4a0000 - 0x00007ff80b4b7000 	C:\Windows\system32\napinsp.dll
0x00007ff80b450000 - 0x00007ff80b46b000 	C:\Windows\system32\pnrpnsp.dll
0x00007ff82bbb0000 - 0x00007ff82bbc5000 	C:\Windows\system32\wshbth.dll
0x00007ff82c990000 - 0x00007ff82c9ad000 	C:\Windows\system32\NLAapi.dll
0x00007ff80b150000 - 0x00007ff80b162000 	C:\Windows\System32\winrnr.dll

dbghelp: loaded successfully - version: 4.0.5 - missing functions: none
symbol engine: initialized successfully - sym options: 0x614 - pdb path: .;C:\Program Files\Microsoft\jdk-17.0.8.7-hotspot\bin;C:\Windows\SYSTEM32;C:\Windows\WinSxS\amd64_microsoft.windows.common-controls_6595b64144ccf1df_6.0.19041.3636_none_60b6a03d71f818d5;C:\Program Files\Microsoft\jdk-17.0.8.7-hotspot\bin\server;C:\Users\Hissam\.gradle\native\68d5fa5c4cc2d200863cafc0d521ce42e7d3e7ee720ec0a83991735586a16f82\windows-amd64;C:\Users\Hissam\.gradle\native\e376f236ea51e6404a007f0833ffe2c6e607c4080706a723a18a27aeea778392\windows-amd64

VM Arguments:
jvm_args: -XX:MaxMetaspaceSize=512m --add-opens=java.base/java.util=ALL-UNNAMED --add-opens=java.base/java.lang=ALL-UNNAMED --add-opens=java.base/java.lang.invoke=ALL-UNNAMED --add-opens=java.prefs/java.util.prefs=ALL-UNNAMED --add-opens=java.base/java.nio.charset=ALL-UNNAMED --add-opens=java.base/java.net=ALL-UNNAMED --add-opens=java.base/java.util.concurrent.atomic=ALL-UNNAMED -Xmx2048m -Dfile.encoding=windows-1252 -Duser.country=US -Duser.language=en -Duser.variant -javaagent:C:\Users\Hissam\.gradle\wrapper\dists\gradle-8.3-all\6en3ugtfdg5xnpx44z4qbwgas\gradle-8.3\lib\agents\gradle-instrumentation-agent-8.3.jar 
java_command: org.gradle.launcher.daemon.bootstrap.GradleDaemon 8.3
java_class_path (initial): C:\Users\Hissam\.gradle\wrapper\dists\gradle-8.3-all\6en3ugtfdg5xnpx44z4qbwgas\gradle-8.3\lib\gradle-launcher-8.3.jar
Launcher Type: SUN_STANDARD

[Global flags]
     intx CICompilerCount                          = 3                                         {product} {ergonomic}
   size_t CompressedClassSpaceSize                 = 436207616                                 {product} {ergonomic}
     uint ConcGCThreads                            = 1                                         {product} {ergonomic}
     uint G1ConcRefinementThreads                  = 4                                         {product} {ergonomic}
   size_t G1HeapRegionSize                         = 1048576                                   {product} {ergonomic}
    uintx GCDrainStackTargetSize                   = 64                                        {product} {ergonomic}
   size_t InitialHeapSize                          = 134217728                                 {product} {ergonomic}
   size_t MarkStackSize                            = 4194304                                   {product} {ergonomic}
   size_t MaxHeapSize                              = 2147483648                                {product} {command line}
   size_t MaxMetaspaceSize                         = 536870912                                 {product} {command line}
   size_t MaxNewSize                               = 1287651328                                {product} {ergonomic}
   size_t MinHeapDeltaBytes                        = 1048576                                   {product} {ergonomic}
   size_t MinHeapSize                              = 8388608                                   {product} {ergonomic}
    uintx NonNMethodCodeHeapSize                   = 5832780                                {pd product} {ergonomic}
    uintx NonProfiledCodeHeapSize                  = 122912730                              {pd product} {ergonomic}
    uintx ProfiledCodeHeapSize                     = 122912730                              {pd product} {ergonomic}
    uintx ReservedCodeCacheSize                    = 251658240                              {pd product} {ergonomic}
     bool SegmentedCodeCache                       = true                                      {product} {ergonomic}
   size_t SoftMaxHeapSize                          = 2147483648                             {manageable} {ergonomic}
     bool UseCompressedClassPointers               = true                           {product lp64_product} {ergonomic}
     bool UseCompressedOops                        = true                           {product lp64_product} {ergonomic}
     bool UseG1GC                                  = true                                      {product} {ergonomic}
     bool UseLargePagesIndividualAllocation        = false                                  {pd product} {ergonomic}

Logging:
Log output configuration:
 #0: stdout all=warning uptime,level,tags
 #1: stderr all=off uptime,level,tags

Environment Variables:
JAVA_HOME=C:\Program Files\Microsoft\jdk-17.0.8.7-hotspot\
CLASSPATH=C:\Users\Hissam\Desktop\kohat\hism\android\\gradle\wrapper\gradle-wrapper.jar
PATH=C:\Users\Hissam\Desktop\kohat\hism\node_modules\.bin;C:\Users\Hissam\Desktop\kohat\hism\node_modules\.bin;C:\Users\Hissam\Desktop\kohat\node_modules\.bin;C:\Users\Hissam\Desktop\node_modules\.bin;C:\Users\Hissam\node_modules\.bin;C:\Users\node_modules\.bin;C:\node_modules\.bin;C:\Users\Hissam\AppData\Roaming\npm\node_modules\npm\node_modules\@npmcli\run-script\lib\node-gyp-bin;C:\Users\Hissam\Desktop\kohat\hism\node_modules\.bin;C:\Users\Hissam\Desktop\kohat\hism\node_modules\.bin;C:\Users\Hissam\Desktop\kohat\node_modules\.bin;C:\Users\Hissam\Desktop\node_modules\.bin;C:\Users\Hissam\node_modules\.bin;C:\Users\node_modules\.bin;C:\node_modules\.bin;C:\Users\Hissam\AppData\Roaming\npm\node_modules\npm\node_modules\@npmcli\run-script\lib\node-gyp-bin;C:\app\Hissam\product\21c\dbhomeXE\bin;C:\Program Files\Microsoft\jdk-17.0.8.7-hotspot\bin;C:\Windows\system32;C:\Windows;C:\Windows\System32\Wbem;C:\Windows\System32\WindowsPowerShell\v1.0\;C:\Windows\System32\OpenSSH\;C:\ProgramData\chocolatey\bin;C:\Program Files\nodejs\;C:\Users\Hissam\AppData\Local\Microsoft\WindowsApps;C:\Users\Hissam\AppData\Local\Programs\Microsoft VS Code\bin;C:\Users\Hissam\AppData\Roaming\npm;C:\Users\Hissam\AppData\Local\Android\Sdk\platform-tools;
USERNAME=Hissam
LANG=en_US.UTF-8
OS=Windows_NT
PROCESSOR_IDENTIFIER=Intel64 Family 6 Model 78 Stepping 3, GenuineIntel
TMP=C:\Users\Hissam\AppData\Local\Temp
TEMP=C:\Users\Hissam\AppData\Local\Temp



---------------  S Y S T E M  ---------------

OS:
 Windows 10 , 64 bit Build 19041 (10.0.19041.3636)
OS uptime: 0 days 15:08 hours

CPU: total 4 (initial active 4) (2 cores per cpu, 2 threads per core) family 6 model 78 stepping 3 microcode 0xf0, cx8, cmov, fxsr, ht, mmx, 3dnowpref, sse, sse2, sse3, ssse3, sse4.1, sse4.2, popcnt, lzcnt, tsc, tscinvbit, avx, avx2, aes, erms, clmul, bmi1, bmi2, adx, fma, vzeroupper, clflush, clflushopt
Processor Information for all 4 processors :
  Max Mhz: 2400, Current Mhz: 2300, Mhz Limit: 2280

Memory: 4k page, system-wide physical 8071M (1069M free)
TotalPageFile size 23431M (AvailPageFile size 11873M)
current process WorkingSet (physical memory assigned to process): 296M, peak: 432M
current process commit charge ("private bytes"): 615M, peak: 634M

vm_info: OpenJDK 64-Bit Server VM (17.0.8+7-LTS) for windows-amd64 JRE (17.0.8+7-LTS), built on Jul  7 2023 17:21:55 by "MicrosoftCorporation" with MS VC++ 16.10 / 16.11 (VS2019)

END.
